# dmidecode 2.12
SMBIOS 2.7 present.
239 structures occupying 9763 bytes.
Table at 0x000E0010.

Handle 0x0000, DMI type 0, 24 bytes
BIOS Information
	Vendor: Phoenix Technologies LTD
	Version: 6.00
	Release Date: 07/02/2015
	Address: 0xEA5E0
	Runtime Size: 88608 bytes
	ROM Size: 64 kB
	Characteristics:
		ISA is supported
		PCI is supported
		PC Card (PCMCIA) is supported
		PNP is supported
		APM is supported
		BIOS is upgradeable
		BIOS shadowing is allowed
		ESCD support is available
		Boot from CD is supported
		Selectable boot is supported
		EDD is supported
		Print screen service is supported (int 5h)
		8042 keyboard services are supported (int 9h)
		Serial services are supported (int 14h)
		Printer services are supported (int 17h)
		CGA/mono video services are supported (int 10h)
		ACPI is supported
		Smart battery is supported
		BIOS boot specification is supported
		Function key-initiated network boot is supported
		Targeted content distribution is supported
	BIOS Revision: 4.6
	Firmware Revision: 0.0

Handle 0x0001, DMI type 1, 27 bytes
System Information
	Manufacturer: VMware, Inc.
	Product Name: VMware Virtual Platform
	Version: None
	Serial Number: VMware-56 4d 4f f6 61 3c 09 6a-07 8b b2 b2 11 31 d2 ab
	UUID: F64F4D56-3C61-6A09-078B-B2B21131D2AB
	Wake-up Type: Power Switch
	SKU Number: Not Specified
	Family: Not Specified

Handle 0x0002, DMI type 2, 15 bytes
Base Board Information
	Manufacturer: Intel Corporation
	Product Name: 440BX Desktop Reference Platform
	Version: None
	Serial Number: None
	Asset Tag: Not Specified
	Features: None
	Location In Chassis: Not Specified
	Chassis Handle: 0x0000
	Type: Unknown
	Contained Object Handles: 0

Handle 0x0003, DMI type 3, 21 bytes
Chassis Information
	Manufacturer: No Enclosure
	Type: Other
	Lock: Not Present
	Version: N/A
	Serial Number: None
	Asset Tag: No Asset Tag
	Boot-up State: Safe
	Power Supply State: Safe
	Thermal State: Safe
	Security Status: None
	OEM Information: 0x00001234
	Height: Unspecified
	Number Of Power Cords: Unspecified
	Contained Elements: 0

Handle 0x0004, DMI type 4, 42 bytes
Processor Information
	Socket Designation: CPU #000
	Type: Central Processor
	Family: Unknown
	Manufacturer: GenuineIntel
	ID: A7 06 02 00 FF FB AB 0F
	Version:         Intel(R) Core(TM) i3-2100 CPU @ 3.10GHz
	Voltage: 3.3 V
	External Clock: Unknown
	Max Speed: 30000 MHz
	Current Speed: 3100 MHz
	Status: Populated, Enabled
	Upgrade: ZIF Socket
	L1 Cache Handle: 0x0015
	L2 Cache Handle: 0x0016
	L3 Cache Handle: Not Provided
	Serial Number: Not Specified
	Asset Tag: Not Specified
	Part Number: Not Specified
	Core Count: 1
	Core Enabled: 1
	Characteristics:
		64-bit capable
		Execute Protection

Handle 0x0005, DMI type 5, 46 bytes
Memory Controller Information
	Error Detecting Method: None
	Error Correcting Capabilities:
		None
	Supported Interleave: One-way Interleave
	Current Interleave: One-way Interleave
	Maximum Memory Module Size: 32768 MB
	Maximum Total Memory Size: 491520 MB
	Supported Speeds:
		70 ns
		60 ns
	Supported Memory Types:
		FPM
		EDO
		DIMM
		SDRAM
	Memory Module Voltage: 3.3 V
	Associated Memory Slots: 15
		0x0006
		0x0007
		0x0008
		0x0009
		0x000A
		0x000B
		0x000C
		0x000D
		0x000E
		0x000F
		0x0010
		0x0011
		0x0012
		0x0013
		0x0014
	Enabled Error Correcting Capabilities:
		None

Handle 0x0006, DMI type 6, 12 bytes
Memory Module Information
	Socket Designation: RAM socket #0
	Bank Connections: None
	Current Speed: Unknown
	Type: EDO DIMM
	Installed Size: 1024 MB (Single-bank Connection)
	Enabled Size: 1024 MB (Single-bank Connection)
	Error Status: OK

Handle 0x0007, DMI type 6, 12 bytes
Memory Module Information
	Socket Designation: RAM socket #1
	Bank Connections: None
	Current Speed: Unknown
	Type: EDO DIMM
	Installed Size: 512 MB (Single-bank Connection)
	Enabled Size: 512 MB (Single-bank Connection)
	Error Status: OK

Handle 0x0008, DMI type 6, 12 bytes
Memory Module Information
	Socket Designation: RAM socket #2
	Bank Connections: None
	Current Speed: Unknown
	Type: EDO DIMM
	Installed Size: 256 MB (Single-bank Connection)
	Enabled Size: 256 MB (Single-bank Connection)
	Error Status: OK

Handle 0x0009, DMI type 6, 12 bytes
Memory Module Information
	Socket Designation: RAM socket #3
	Bank Connections: None
	Current Speed: Unknown
	Type: EDO DIMM
	Installed Size: 128 MB (Single-bank Connection)
	Enabled Size: 128 MB (Single-bank Connection)
	Error Status: OK

Handle 0x000A, DMI type 6, 12 bytes
Memory Module Information
	Socket Designation: RAM socket #4
	Bank Connections: None
	Current Speed: Unknown
	Type: EDO DIMM
	Installed Size: 64 MB (Single-bank Connection)
	Enabled Size: 64 MB (Single-bank Connection)
	Error Status: OK

Handle 0x000B, DMI type 6, 12 bytes
Memory Module Information
	Socket Designation: RAM socket #5
	Bank Connections: None
	Current Speed: Unknown
	Type: EDO DIMM
	Installed Size: 16 MB (Single-bank Connection)
	Enabled Size: 16 MB (Single-bank Connection)
	Error Status: OK

Handle 0x000C, DMI type 6, 12 bytes
Memory Module Information
	Socket Designation: RAM socket #6
	Bank Connections: None
	Current Speed: Unknown
	Type: DIMM
	Installed Size: Not Installed
	Enabled Size: Not Installed
	Error Status: OK

Handle 0x000D, DMI type 6, 12 bytes
Memory Module Information
	Socket Designation: RAM socket #7
	Bank Connections: None
	Current Speed: Unknown
	Type: DIMM
	Installed Size: Not Installed
	Enabled Size: Not Installed
	Error Status: OK

Handle 0x000E, DMI type 6, 12 bytes
Memory Module Information
	Socket Designation: RAM socket #8
	Bank Connections: None
	Current Speed: Unknown
	Type: DIMM
	Installed Size: Not Installed
	Enabled Size: Not Installed
	Error Status: OK

Handle 0x000F, DMI type 6, 12 bytes
Memory Module Information
	Socket Designation: RAM socket #9
	Bank Connections: None
	Current Speed: Unknown
	Type: DIMM
	Installed Size: Not Installed
	Enabled Size: Not Installed
	Error Status: OK

Handle 0x0010, DMI type 6, 12 bytes
Memory Module Information
	Socket Designation: RAM socket #10
	Bank Connections: None
	Current Speed: Unknown
	Type: DIMM
	Installed Size: Not Installed
	Enabled Size: Not Installed
	Error Status: OK

Handle 0x0011, DMI type 6, 12 bytes
Memory Module Information
	Socket Designation: RAM socket #11
	Bank Connections: None
	Current Speed: Unknown
	Type: DIMM
	Installed Size: Not Installed
	Enabled Size: Not Installed
	Error Status: OK

Handle 0x0012, DMI type 6, 12 bytes
Memory Module Information
	Socket Designation: RAM socket #12
	Bank Connections: None
	Current Speed: Unknown
	Type: DIMM
	Installed Size: Not Installed
	Enabled Size: Not Installed
	Error Status: OK

Handle 0x0013, DMI type 6, 12 bytes
Memory Module Information
	Socket Designation: RAM socket #13
	Bank Connections: None
	Current Speed: Unknown
	Type: DIMM
	Installed Size: Not Installed
	Enabled Size: Not Installed
	Error Status: OK

Handle 0x0014, DMI type 6, 12 bytes
Memory Module Information
	Socket Designation: RAM socket #14
	Bank Connections: None
	Current Speed: Unknown
	Type: DIMM
	Installed Size: Not Installed
	Enabled Size: Not Installed
	Error Status: OK

Handle 0x0015, DMI type 7, 19 bytes
Cache Information
	Socket Designation: L1
	Configuration: Enabled, Socketed, Level 1
	Operational Mode: Write Back
	Location: Internal
	Installed Size: 16 kB
	Maximum Size: 16 kB
	Supported SRAM Types:
		Burst
		Pipeline Burst
		Asynchronous
	Installed SRAM Type: Asynchronous
	Speed: Unknown
	Error Correction Type: Unknown
	System Type: Unknown
	Associativity: Unknown

Handle 0x0016, DMI type 7, 19 bytes
Cache Information
	Socket Designation: L2
	Configuration: Enabled, Socketed, Level 2
	Operational Mode: Write Back
	Location: External
	Installed Size: 0 kB
	Maximum Size: 24576 kB
	Supported SRAM Types:
		Burst
		Pipeline Burst
		Asynchronous
	Installed SRAM Type: Burst
	Speed: Unknown
	Error Correction Type: Unknown
	System Type: Unknown
	Associativity: Unknown

Handle 0x0017, DMI type 8, 9 bytes
Port Connector Information
	Internal Reference Designator: J19
	Internal Connector Type: 9 Pin Dual Inline (pin 10 cut)
	External Reference Designator: COM 1
	External Connector Type: DB-9 male
	Port Type: Serial Port 16550A Compatible

Handle 0x0018, DMI type 8, 9 bytes
Port Connector Information
	Internal Reference Designator: J23
	Internal Connector Type: 25 Pin Dual Inline (pin 26 cut)
	External Reference Designator: Parallel
	External Connector Type: DB-25 female
	Port Type: Parallel Port ECP/EPP

Handle 0x0019, DMI type 8, 9 bytes
Port Connector Information
	Internal Reference Designator: J11
	Internal Connector Type: None
	External Reference Designator: Keyboard
	External Connector Type: Circular DIN-8 male
	Port Type: Keyboard Port

Handle 0x001A, DMI type 8, 9 bytes
Port Connector Information
	Internal Reference Designator: J12
	Internal Connector Type: None
	External Reference Designator: PS/2 Mouse
	External Connector Type: Circular DIN-8 male
	Port Type: Keyboard Port

Handle 0x001B, DMI type 9, 17 bytes
System Slot Information
	Designation: ISA Slot J8
	Type: 16-bit ISA
	Current Usage: Unknown
	Length: Short
	Characteristics:
		5.0 V is provided
	Bus Address: 00ff:ff:1f.7

Handle 0x001C, DMI type 9, 17 bytes
System Slot Information
	Designation: ISA Slot J9
	Type: 16-bit ISA
	Current Usage: Unknown
	Length: Short
	Characteristics:
		5.0 V is provided
	Bus Address: 00ff:ff:1f.7

Handle 0x001D, DMI type 9, 17 bytes
System Slot Information
	Designation: ISA Slot J10
	Type: 16-bit ISA
	Current Usage: Unknown
	Length: Short
	Characteristics:
		5.0 V is provided
	Bus Address: 00ff:ff:1f.7

Handle 0x001E, DMI type 9, 17 bytes
System Slot Information
	Designation: PCI Slot J11
	Type: 32-bit PCI
	Current Usage: In Use
	Length: Long
	ID: 1
	Characteristics:
		5.0 V is provided
		3.3 V is provided
	Bus Address: 0000:00:0f.0

Handle 0x001F, DMI type 9, 17 bytes
System Slot Information
	Designation: PCI Slot J12
	Type: 32-bit PCI
	Current Usage: In Use
	Length: Long
	ID: 2
	Characteristics:
		5.0 V is provided
		3.3 V is provided
	Bus Address: 0000:00:10.0

Handle 0x0020, DMI type 9, 17 bytes
System Slot Information
	Designation: PCI Slot J13
	Type: 32-bit PCI
	Current Usage: In Use
	Length: Long
	ID: 3
	Characteristics:
		5.0 V is provided
		3.3 V is provided
	Bus Address: 0000:00:11.0

Handle 0x0021, DMI type 9, 17 bytes
System Slot Information
	Designation: PCI Slot J14
	Type: 32-bit PCI
	Current Usage: Available
	Length: Long
	ID: 4
	Characteristics:
		5.0 V is provided
		3.3 V is provided
	Bus Address: 0000:00:12.0

Handle 0x0022, DMI type 10, 8 bytes
On Board Device 1 Information
	Type: Video
	Status: Disabled
	Description: VMware SVGA II
On Board Device 2 Information
	Type: Sound
	Status: Disabled
	Description: ES1371

Handle 0x0023, DMI type 11, 5 bytes
OEM Strings
	String 1: [MS_VM_CERT/SHA1/27d66596a61c48dd3dc7216fd715126e33f59ae7]
	String 2: Welcome to the Virtual Machine

Handle 0x0024, DMI type 15, 29 bytes
System Event Log
	Area Length: 16 bytes
	Header Start Offset: 0x0000
	Header Length: 16 bytes
	Data Start Offset: 0x0010
	Access Method: General-purpose non-volatile data functions
	Access Address: 0x0000
	Status: Invalid, Full
	Change Token: 0x00000036
	Header Format: Type 1
	Supported Log Type Descriptors: 3
	Descriptor 1: POST error
	Data Format 1: POST results bitmap
	Descriptor 2: Single-bit ECC memory error
	Data Format 2: Multiple-event
	Descriptor 3: Multi-bit ECC memory error
	Data Format 3: Multiple-event

Handle 0x0025, DMI type 16, 23 bytes
Physical Memory Array
	Location: System Board Or Motherboard
	Use: System Memory
	Error Correction Type: None
	Maximum Capacity: 2000 MB
	Error Information Handle: Not Provided
	Number Of Devices: 64

Handle 0x0026, DMI type 17, 34 bytes
Memory Device
	Array Handle: 0x0025
	Error Information Handle: No Error
	Total Width: 32 bits
	Data Width: 32 bits
	Size: 1024 MB
	Form Factor: DIMM
	Set: None
	Locator: RAM slot #0
	Bank Locator: RAM slot #0
	Type: DRAM
	Type Detail: EDO
	Speed: Unknown
	Manufacturer: Not Specified
	Serial Number: Not Specified
	Asset Tag: Not Specified
	Part Number: Not Specified
	Rank: Unknown
	Configured Clock Speed: Unknown

Handle 0x0027, DMI type 17, 34 bytes
Memory Device
	Array Handle: 0x0025
	Error Information Handle: No Error
	Total Width: 32 bits
	Data Width: 32 bits
	Size: 512 MB
	Form Factor: DIMM
	Set: None
	Locator: RAM slot #1
	Bank Locator: RAM slot #1
	Type: DRAM
	Type Detail: EDO
	Speed: Unknown
	Manufacturer: Not Specified
	Serial Number: Not Specified
	Asset Tag: Not Specified
	Part Number: Not Specified
	Rank: Unknown
	Configured Clock Speed: Unknown

Handle 0x0028, DMI type 17, 34 bytes
Memory Device
	Array Handle: 0x0025
	Error Information Handle: No Error
	Total Width: 32 bits
	Data Width: 32 bits
	Size: 256 MB
	Form Factor: DIMM
	Set: None
	Locator: RAM slot #2
	Bank Locator: RAM slot #2
	Type: DRAM
	Type Detail: EDO
	Speed: Unknown
	Manufacturer: Not Specified
	Serial Number: Not Specified
	Asset Tag: Not Specified
	Part Number: Not Specified
	Rank: Unknown
	Configured Clock Speed: Unknown

Handle 0x0029, DMI type 17, 34 bytes
Memory Device
	Array Handle: 0x0025
	Error Information Handle: No Error
	Total Width: 32 bits
	Data Width: 32 bits
	Size: 128 MB
	Form Factor: DIMM
	Set: None
	Locator: RAM slot #3
	Bank Locator: RAM slot #3
	Type: DRAM
	Type Detail: EDO
	Speed: Unknown
	Manufacturer: Not Specified
	Serial Number: Not Specified
	Asset Tag: Not Specified
	Part Number: Not Specified
	Rank: Unknown
	Configured Clock Speed: Unknown

Handle 0x002A, DMI type 17, 34 bytes
Memory Device
	Array Handle: 0x0025
	Error Information Handle: No Error
	Total Width: 32 bits
	Data Width: 32 bits
	Size: 64 MB
	Form Factor: DIMM
	Set: None
	Locator: RAM slot #4
	Bank Locator: RAM slot #4
	Type: DRAM
	Type Detail: EDO
	Speed: Unknown
	Manufacturer: Not Specified
	Serial Number: Not Specified
	Asset Tag: Not Specified
	Part Number: Not Specified
	Rank: Unknown
	Configured Clock Speed: Unknown

Handle 0x002B, DMI type 17, 34 bytes
Memory Device
	Array Handle: 0x0025
	Error Information Handle: No Error
	Total Width: 32 bits
	Data Width: 32 bits
	Size: 16 MB
	Form Factor: DIMM
	Set: None
	Locator: RAM slot #5
	Bank Locator: RAM slot #5
	Type: DRAM
	Type Detail: EDO
	Speed: Unknown
	Manufacturer: Not Specified
	Serial Number: Not Specified
	Asset Tag: Not Specified
	Part Number: Not Specified
	Rank: Unknown
	Configured Clock Speed: Unknown

Handle 0x002C, DMI type 17, 34 bytes
Memory Device
	Array Handle: 0x0025
	Error Information Handle: No Error
	Total Width: Unknown
	Data Width: Unknown
	Size: No Module Installed
	Form Factor: DIMM
	Set: None
	Locator: RAM slot #6
	Bank Locator: RAM slot #6
	Type: DRAM
	Type Detail: Unknown
	Speed: Unknown
	Manufacturer: Not Specified
	Serial Number: Not Specified
	Asset Tag: Not Specified
	Part Number: Not Specified
	Rank: Unknown
	Configured Clock Speed: Unknown

Handle 0x002D, DMI type 17, 34 bytes
Memory Device
	Array Handle: 0x0025
	Error Information Handle: No Error
	Total Width: Unknown
	Data Width: Unknown
	Size: No Module Installed
	Form Factor: DIMM
	Set: None
	Locator: RAM slot #7
	Bank Locator: RAM slot #7
	Type: DRAM
	Type Detail: Unknown
	Speed: Unknown
	Manufacturer: Not Specified
	Serial Number: Not Specified
	Asset Tag: Not Specified
	Part Number: Not Specified
	Rank: Unknown
	Configured Clock Speed: Unknown

Handle 0x002E, DMI type 17, 34 bytes
Memory Device
	Array Handle: 0x0025
	Error Information Handle: No Error
	Total Width: Unknown
	Data Width: Unknown
	Size: No Module Installed
	Form Factor: DIMM
	Set: None
	Locator: RAM slot #8
	Bank Locator: RAM slot #8
	Type: DRAM
	Type Detail: Unknown
	Speed: Unknown
	Manufacturer: Not Specified
	Serial Number: Not Specified
	Asset Tag: Not Specified
	Part Number: Not Specified
	Rank: Unknown
	Configured Clock Speed: Unknown

Handle 0x002F, DMI type 17, 34 bytes
Memory Device
	Array Handle: 0x0025
	Error Information Handle: No Error
	Total Width: Unknown
	Data Width: Unknown
	Size: No Module Installed
	Form Factor: DIMM
	Set: None
	Locator: RAM slot #9
	Bank Locator: RAM slot #9
	Type: DRAM
	Type Detail: Unknown
	Speed: Unknown
	Manufacturer: Not Specified
	Serial Number: Not Specified
	Asset Tag: Not Specified
	Part Number: Not Specified
	Rank: Unknown
	Configured Clock Speed: Unknown

Handle 0x0030, DMI type 17, 34 bytes
Memory Device
	Array Handle: 0x0025
	Error Information Handle: No Error
	Total Width: Unknown
	Data Width: Unknown
	Size: No Module Installed
	Form Factor: DIMM
	Set: None
	Locator: RAM slot #10
	Bank Locator: RAM slot #10
	Type: DRAM
	Type Detail: Unknown
	Speed: Unknown
	Manufacturer: Not Specified
	Serial Number: Not Specified
	Asset Tag: Not Specified
	Part Number: Not Specified
	Rank: Unknown
	Configured Clock Speed: Unknown

Handle 0x0031, DMI type 17, 34 bytes
Memory Device
	Array Handle: 0x0025
	Error Information Handle: No Error
	Total Width: Unknown
	Data Width: Unknown
	Size: No Module Installed
	Form Factor: DIMM
	Set: None
	Locator: RAM slot #11
	Bank Locator: RAM slot #11
	Type: DRAM
	Type Detail: Unknown
	Speed: Unknown
	Manufacturer: Not Specified
	Serial Number: Not Specified
	Asset Tag: Not Specified
	Part Number: Not Specified
	Rank: Unknown
	Configured Clock Speed: Unknown

Handle 0x0032, DMI type 17, 34 bytes
Memory Device
	Array Handle: 0x0025
	Error Information Handle: No Error
	Total Width: Unknown
	Data Width: Unknown
	Size: No Module Installed
	Form Factor: DIMM
	Set: None
	Locator: RAM slot #12
	Bank Locator: RAM slot #12
	Type: DRAM
	Type Detail: Unknown
	Speed: Unknown
	Manufacturer: Not Specified
	Serial Number: Not Specified
	Asset Tag: Not Specified
	Part Number: Not Specified
	Rank: Unknown
	Configured Clock Speed: Unknown

Handle 0x0033, DMI type 17, 34 bytes
Memory Device
	Array Handle: 0x0025
	Error Information Handle: No Error
	Total Width: Unknown
	Data Width: Unknown
	Size: No Module Installed
	Form Factor: DIMM
	Set: None
	Locator: RAM slot #13
	Bank Locator: RAM slot #13
	Type: DRAM
	Type Detail: Unknown
	Speed: Unknown
	Manufacturer: Not Specified
	Serial Number: Not Specified
	Asset Tag: Not Specified
	Part Number: Not Specified
	Rank: Unknown
	Configured Clock Speed: Unknown

Handle 0x0034, DMI type 17, 34 bytes
Memory Device
	Array Handle: 0x0025
	Error Information Handle: No Error
	Total Width: Unknown
	Data Width: Unknown
	Size: No Module Installed
	Form Factor: DIMM
	Set: None
	Locator: RAM slot #14
	Bank Locator: RAM slot #14
	Type: DRAM
	Type Detail: Unknown
	Speed: Unknown
	Manufacturer: Not Specified
	Serial Number: Not Specified
	Asset Tag: Not Specified
	Part Number: Not Specified
	Rank: Unknown
	Configured Clock Speed: Unknown

Handle 0x0035, DMI type 17, 34 bytes
Memory Device
	Array Handle: 0x0025
	Error Information Handle: No Error
	Total Width: Unknown
	Data Width: Unknown
	Size: No Module Installed
	Form Factor: DIMM
	Set: None
	Locator: RAM slot #15
	Bank Locator: RAM slot #15
	Type: DRAM
	Type Detail: Unknown
	Speed: Unknown
	Manufacturer: Not Specified
	Serial Number: Not Specified
	Asset Tag: Not Specified
	Part Number: Not Specified
	Rank: Unknown
	Configured Clock Speed: Unknown

Handle 0x0036, DMI type 17, 34 bytes
Memory Device
	Array Handle: 0x0025
	Error Information Handle: No Error
	Total Width: Unknown
	Data Width: Unknown
	Size: No Module Installed
	Form Factor: DIMM
	Set: None
	Locator: RAM slot #16
	Bank Locator: RAM slot #16
	Type: DRAM
	Type Detail: Unknown
	Speed: Unknown
	Manufacturer: Not Specified
	Serial Number: Not Specified
	Asset Tag: Not Specified
	Part Number: Not Specified
	Rank: Unknown
	Configured Clock Speed: Unknown

Handle 0x0037, DMI type 17, 34 bytes
Memory Device
	Array Handle: 0x0025
	Error Information Handle: No Error
	Total Width: Unknown
	Data Width: Unknown
	Size: No Module Installed
	Form Factor: DIMM
	Set: None
	Locator: RAM slot #17
	Bank Locator: RAM slot #17
	Type: DRAM
	Type Detail: Unknown
	Speed: Unknown
	Manufacturer: Not Specified
	Serial Number: Not Specified
	Asset Tag: Not Specified
	Part Number: Not Specified
	Rank: Unknown
	Configured Clock Speed: Unknown

Handle 0x0038, DMI type 17, 34 bytes
Memory Device
	Array Handle: 0x0025
	Error Information Handle: No Error
	Total Width: Unknown
	Data Width: Unknown
	Size: No Module Installed
	Form Factor: DIMM
	Set: None
	Locator: RAM slot #18
	Bank Locator: RAM slot #18
	Type: DRAM
	Type Detail: Unknown
	Speed: Unknown
	Manufacturer: Not Specified
	Serial Number: Not Specified
	Asset Tag: Not Specified
	Part Number: Not Specified
	Rank: Unknown
	Configured Clock Speed: Unknown

Handle 0x0039, DMI type 17, 34 bytes
Memory Device
	Array Handle: 0x0025
	Error Information Handle: No Error
	Total Width: Unknown
	Data Width: Unknown
	Size: No Module Installed
	Form Factor: DIMM
	Set: None
	Locator: RAM slot #19
	Bank Locator: RAM slot #19
	Type: DRAM
	Type Detail: Unknown
	Speed: Unknown
	Manufacturer: Not Specified
	Serial Number: Not Specified
	Asset Tag: Not Specified
	Part Number: Not Specified
	Rank: Unknown
	Configured Clock Speed: Unknown

Handle 0x003A, DMI type 17, 34 bytes
Memory Device
	Array Handle: 0x0025
	Error Information Handle: No Error
	Total Width: Unknown
	Data Width: Unknown
	Size: No Module Installed
	Form Factor: DIMM
	Set: None
	Locator: RAM slot #20
	Bank Locator: RAM slot #20
	Type: DRAM
	Type Detail: Unknown
	Speed: Unknown
	Manufacturer: Not Specified
	Serial Number: Not Specified
	Asset Tag: Not Specified
	Part Number: Not Specified
	Rank: Unknown
	Configured Clock Speed: Unknown

Handle 0x003B, DMI type 17, 34 bytes
Memory Device
	Array Handle: 0x0025
	Error Information Handle: No Error
	Total Width: Unknown
	Data Width: Unknown
	Size: No Module Installed
	Form Factor: DIMM
	Set: None
	Locator: RAM slot #21
	Bank Locator: RAM slot #21
	Type: DRAM
	Type Detail: Unknown
	Speed: Unknown
	Manufacturer: Not Specified
	Serial Number: Not Specified
	Asset Tag: Not Specified
	Part Number: Not Specified
	Rank: Unknown
	Configured Clock Speed: Unknown

Handle 0x003C, DMI type 17, 34 bytes
Memory Device
	Array Handle: 0x0025
	Error Information Handle: No Error
	Total Width: Unknown
	Data Width: Unknown
	Size: No Module Installed
	Form Factor: DIMM
	Set: None
	Locator: RAM slot #22
	Bank Locator: RAM slot #22
	Type: DRAM
	Type Detail: Unknown
	Speed: Unknown
	Manufacturer: Not Specified
	Serial Number: Not Specified
	Asset Tag: Not Specified
	Part Number: Not Specified
	Rank: Unknown
	Configured Clock Speed: Unknown

Handle 0x003D, DMI type 17, 34 bytes
Memory Device
	Array Handle: 0x0025
	Error Information Handle: No Error
	Total Width: Unknown
	Data Width: Unknown
	Size: No Module Installed
	Form Factor: DIMM
	Set: None
	Locator: RAM slot #23
	Bank Locator: RAM slot #23
	Type: DRAM
	Type Detail: Unknown
	Speed: Unknown
	Manufacturer: Not Specified
	Serial Number: Not Specified
	Asset Tag: Not Specified
	Part Number: Not Specified
	Rank: Unknown
	Configured Clock Speed: Unknown

Handle 0x003E, DMI type 17, 34 bytes
Memory Device
	Array Handle: 0x0025
	Error Information Handle: No Error
	Total Width: Unknown
	Data Width: Unknown
	Size: No Module Installed
	Form Factor: DIMM
	Set: None
	Locator: RAM slot #24
	Bank Locator: RAM slot #24
	Type: DRAM
	Type Detail: Unknown
	Speed: Unknown
	Manufacturer: Not Specified
	Serial Number: Not Specified
	Asset Tag: Not Specified
	Part Number: Not Specified
	Rank: Unknown
	Configured Clock Speed: Unknown

Handle 0x003F, DMI type 17, 34 bytes
Memory Device
	Array Handle: 0x0025
	Error Information Handle: No Error
	Total Width: Unknown
	Data Width: Unknown
	Size: No Module Installed
	Form Factor: DIMM
	Set: None
	Locator: RAM slot #25
	Bank Locator: RAM slot #25
	Type: DRAM
	Type Detail: Unknown
	Speed: Unknown
	Manufacturer: Not Specified
	Serial Number: Not Specified
	Asset Tag: Not Specified
	Part Number: Not Specified
	Rank: Unknown
	Configured Clock Speed: Unknown

Handle 0x0040, DMI type 17, 34 bytes
Memory Device
	Array Handle: 0x0025
	Error Information Handle: No Error
	Total Width: Unknown
	Data Width: Unknown
	Size: No Module Installed
	Form Factor: DIMM
	Set: None
	Locator: RAM slot #26
	Bank Locator: RAM slot #26
	Type: DRAM
	Type Detail: Unknown
	Speed: Unknown
	Manufacturer: Not Specified
	Serial Number: Not Specified
	Asset Tag: Not Specified
	Part Number: Not Specified
	Rank: Unknown
	Configured Clock Speed: Unknown

Handle 0x0041, DMI type 17, 34 bytes
Memory Device
	Array Handle: 0x0025
	Error Information Handle: No Error
	Total Width: Unknown
	Data Width: Unknown
	Size: No Module Installed
	Form Factor: DIMM
	Set: None
	Locator: RAM slot #27
	Bank Locator: RAM slot #27
	Type: DRAM
	Type Detail: Unknown
	Speed: Unknown
	Manufacturer: Not Specified
	Serial Number: Not Specified
	Asset Tag: Not Specified
	Part Number: Not Specified
	Rank: Unknown
	Configured Clock Speed: Unknown

Handle 0x0042, DMI type 17, 34 bytes
Memory Device
	Array Handle: 0x0025
	Error Information Handle: No Error
	Total Width: Unknown
	Data Width: Unknown
	Size: No Module Installed
	Form Factor: DIMM
	Set: None
	Locator: RAM slot #28
	Bank Locator: RAM slot #28
	Type: DRAM
	Type Detail: Unknown
	Speed: Unknown
	Manufacturer: Not Specified
	Serial Number: Not Specified
	Asset Tag: Not Specified
	Part Number: Not Specified
	Rank: Unknown
	Configured Clock Speed: Unknown

Handle 0x0043, DMI type 17, 34 bytes
Memory Device
	Array Handle: 0x0025
	Error Information Handle: No Error
	Total Width: Unknown
	Data Width: Unknown
	Size: No Module Installed
	Form Factor: DIMM
	Set: None
	Locator: RAM slot #29
	Bank Locator: RAM slot #29
	Type: DRAM
	Type Detail: Unknown
	Speed: Unknown
	Manufacturer: Not Specified
	Serial Number: Not Specified
	Asset Tag: Not Specified
	Part Number: Not Specified
	Rank: Unknown
	Configured Clock Speed: Unknown

Handle 0x0044, DMI type 17, 34 bytes
Memory Device
	Array Handle: 0x0025
	Error Information Handle: No Error
	Total Width: Unknown
	Data Width: Unknown
	Size: No Module Installed
	Form Factor: DIMM
	Set: None
	Locator: RAM slot #30
	Bank Locator: RAM slot #30
	Type: DRAM
	Type Detail: Unknown
	Speed: Unknown
	Manufacturer: Not Specified
	Serial Number: Not Specified
	Asset Tag: Not Specified
	Part Number: Not Specified
	Rank: Unknown
	Configured Clock Speed: Unknown

Handle 0x0045, DMI type 17, 34 bytes
Memory Device
	Array Handle: 0x0025
	Error Information Handle: No Error
	Total Width: Unknown
	Data Width: Unknown
	Size: No Module Installed
	Form Factor: DIMM
	Set: None
	Locator: RAM slot #31
	Bank Locator: RAM slot #31
	Type: DRAM
	Type Detail: Unknown
	Speed: Unknown
	Manufacturer: Not Specified
	Serial Number: Not Specified
	Asset Tag: Not Specified
	Part Number: Not Specified
	Rank: Unknown
	Configured Clock Speed: Unknown

Handle 0x0046, DMI type 17, 34 bytes
Memory Device
	Array Handle: 0x0025
	Error Information Handle: No Error
	Total Width: Unknown
	Data Width: Unknown
	Size: No Module Installed
	Form Factor: DIMM
	Set: None
	Locator: RAM slot #32
	Bank Locator: RAM slot #32
	Type: DRAM
	Type Detail: Unknown
	Speed: Unknown
	Manufacturer: Not Specified
	Serial Number: Not Specified
	Asset Tag: Not Specified
	Part Number: Not Specified
	Rank: Unknown
	Configured Clock Speed: Unknown

Handle 0x0047, DMI type 17, 34 bytes
Memory Device
	Array Handle: 0x0025
	Error Information Handle: No Error
	Total Width: Unknown
	Data Width: Unknown
	Size: No Module Installed
	Form Factor: DIMM
	Set: None
	Locator: RAM slot #33
	Bank Locator: RAM slot #33
	Type: DRAM
	Type Detail: Unknown
	Speed: Unknown
	Manufacturer: Not Specified
	Serial Number: Not Specified
	Asset Tag: Not Specified
	Part Number: Not Specified
	Rank: Unknown
	Configured Clock Speed: Unknown

Handle 0x0048, DMI type 17, 34 bytes
Memory Device
	Array Handle: 0x0025
	Error Information Handle: No Error
	Total Width: Unknown
	Data Width: Unknown
	Size: No Module Installed
	Form Factor: DIMM
	Set: None
	Locator: RAM slot #34
	Bank Locator: RAM slot #34
	Type: DRAM
	Type Detail: Unknown
	Speed: Unknown
	Manufacturer: Not Specified
	Serial Number: Not Specified
	Asset Tag: Not Specified
	Part Number: Not Specified
	Rank: Unknown
	Configured Clock Speed: Unknown

Handle 0x0049, DMI type 17, 34 bytes
Memory Device
	Array Handle: 0x0025
	Error Information Handle: No Error
	Total Width: Unknown
	Data Width: Unknown
	Size: No Module Installed
	Form Factor: DIMM
	Set: None
	Locator: RAM slot #35
	Bank Locator: RAM slot #35
	Type: DRAM
	Type Detail: Unknown
	Speed: Unknown
	Manufacturer: Not Specified
	Serial Number: Not Specified
	Asset Tag: Not Specified
	Part Number: Not Specified
	Rank: Unknown
	Configured Clock Speed: Unknown

Handle 0x004A, DMI type 17, 34 bytes
Memory Device
	Array Handle: 0x0025
	Error Information Handle: No Error
	Total Width: Unknown
	Data Width: Unknown
	Size: No Module Installed
	Form Factor: DIMM
	Set: None
	Locator: RAM slot #36
	Bank Locator: RAM slot #36
	Type: DRAM
	Type Detail: Unknown
	Speed: Unknown
	Manufacturer: Not Specified
	Serial Number: Not Specified
	Asset Tag: Not Specified
	Part Number: Not Specified
	Rank: Unknown
	Configured Clock Speed: Unknown

Handle 0x004B, DMI type 17, 34 bytes
Memory Device
	Array Handle: 0x0025
	Error Information Handle: No Error
	Total Width: Unknown
	Data Width: Unknown
	Size: No Module Installed
	Form Factor: DIMM
	Set: None
	Locator: RAM slot #37
	Bank Locator: RAM slot #37
	Type: DRAM
	Type Detail: Unknown
	Speed: Unknown
	Manufacturer: Not Specified
	Serial Number: Not Specified
	Asset Tag: Not Specified
	Part Number: Not Specified
	Rank: Unknown
	Configured Clock Speed: Unknown

Handle 0x004C, DMI type 17, 34 bytes
Memory Device
	Array Handle: 0x0025
	Error Information Handle: No Error
	Total Width: Unknown
	Data Width: Unknown
	Size: No Module Installed
	Form Factor: DIMM
	Set: None
	Locator: RAM slot #38
	Bank Locator: RAM slot #38
	Type: DRAM
	Type Detail: Unknown
	Speed: Unknown
	Manufacturer: Not Specified
	Serial Number: Not Specified
	Asset Tag: Not Specified
	Part Number: Not Specified
	Rank: Unknown
	Configured Clock Speed: Unknown

Handle 0x004D, DMI type 17, 34 bytes
Memory Device
	Array Handle: 0x0025
	Error Information Handle: No Error
	Total Width: Unknown
	Data Width: Unknown
	Size: No Module Installed
	Form Factor: DIMM
	Set: None
	Locator: RAM slot #39
	Bank Locator: RAM slot #39
	Type: DRAM
	Type Detail: Unknown
	Speed: Unknown
	Manufacturer: Not Specified
	Serial Number: Not Specified
	Asset Tag: Not Specified
	Part Number: Not Specified
	Rank: Unknown
	Configured Clock Speed: Unknown

Handle 0x004E, DMI type 17, 34 bytes
Memory Device
	Array Handle: 0x0025
	Error Information Handle: No Error
	Total Width: Unknown
	Data Width: Unknown
	Size: No Module Installed
	Form Factor: DIMM
	Set: None
	Locator: RAM slot #40
	Bank Locator: RAM slot #40
	Type: DRAM
	Type Detail: Unknown
	Speed: Unknown
	Manufacturer: Not Specified
	Serial Number: Not Specified
	Asset Tag: Not Specified
	Part Number: Not Specified
	Rank: Unknown
	Configured Clock Speed: Unknown

Handle 0x004F, DMI type 17, 34 bytes
Memory Device
	Array Handle: 0x0025
	Error Information Handle: No Error
	Total Width: Unknown
	Data Width: Unknown
	Size: No Module Installed
	Form Factor: DIMM
	Set: None
	Locator: RAM slot #41
	Bank Locator: RAM slot #41
	Type: DRAM
	Type Detail: Unknown
	Speed: Unknown
	Manufacturer: Not Specified
	Serial Number: Not Specified
	Asset Tag: Not Specified
	Part Number: Not Specified
	Rank: Unknown
	Configured Clock Speed: Unknown

Handle 0x0050, DMI type 17, 34 bytes
Memory Device
	Array Handle: 0x0025
	Error Information Handle: No Error
	Total Width: Unknown
	Data Width: Unknown
	Size: No Module Installed
	Form Factor: DIMM
	Set: None
	Locator: RAM slot #42
	Bank Locator: RAM slot #42
	Type: DRAM
	Type Detail: Unknown
	Speed: Unknown
	Manufacturer: Not Specified
	Serial Number: Not Specified
	Asset Tag: Not Specified
	Part Number: Not Specified
	Rank: Unknown
	Configured Clock Speed: Unknown

Handle 0x0051, DMI type 17, 34 bytes
Memory Device
	Array Handle: 0x0025
	Error Information Handle: No Error
	Total Width: Unknown
	Data Width: Unknown
	Size: No Module Installed
	Form Factor: DIMM
	Set: None
	Locator: RAM slot #43
	Bank Locator: RAM slot #43
	Type: DRAM
	Type Detail: Unknown
	Speed: Unknown
	Manufacturer: Not Specified
	Serial Number: Not Specified
	Asset Tag: Not Specified
	Part Number: Not Specified
	Rank: Unknown
	Configured Clock Speed: Unknown

Handle 0x0052, DMI type 17, 34 bytes
Memory Device
	Array Handle: 0x0025
	Error Information Handle: No Error
	Total Width: Unknown
	Data Width: Unknown
	Size: No Module Installed
	Form Factor: DIMM
	Set: None
	Locator: RAM slot #44
	Bank Locator: RAM slot #44
	Type: DRAM
	Type Detail: Unknown
	Speed: Unknown
	Manufacturer: Not Specified
	Serial Number: Not Specified
	Asset Tag: Not Specified
	Part Number: Not Specified
	Rank: Unknown
	Configured Clock Speed: Unknown

Handle 0x0053, DMI type 17, 34 bytes
Memory Device
	Array Handle: 0x0025
	Error Information Handle: No Error
	Total Width: Unknown
	Data Width: Unknown
	Size: No Module Installed
	Form Factor: DIMM
	Set: None
	Locator: RAM slot #45
	Bank Locator: RAM slot #45
	Type: DRAM
	Type Detail: Unknown
	Speed: Unknown
	Manufacturer: Not Specified
	Serial Number: Not Specified
	Asset Tag: Not Specified
	Part Number: Not Specified
	Rank: Unknown
	Configured Clock Speed: Unknown

Handle 0x0054, DMI type 17, 34 bytes
Memory Device
	Array Handle: 0x0025
	Error Information Handle: No Error
	Total Width: Unknown
	Data Width: Unknown
	Size: No Module Installed
	Form Factor: DIMM
	Set: None
	Locator: RAM slot #46
	Bank Locator: RAM slot #46
	Type: DRAM
	Type Detail: Unknown
	Speed: Unknown
	Manufacturer: Not Specified
	Serial Number: Not Specified
	Asset Tag: Not Specified
	Part Number: Not Specified
	Rank: Unknown
	Configured Clock Speed: Unknown

Handle 0x0055, DMI type 17, 34 bytes
Memory Device
	Array Handle: 0x0025
	Error Information Handle: No Error
	Total Width: Unknown
	Data Width: Unknown
	Size: No Module Installed
	Form Factor: DIMM
	Set: None
	Locator: RAM slot #47
	Bank Locator: RAM slot #47
	Type: DRAM
	Type Detail: Unknown
	Speed: Unknown
	Manufacturer: Not Specified
	Serial Number: Not Specified
	Asset Tag: Not Specified
	Part Number: Not Specified
	Rank: Unknown
	Configured Clock Speed: Unknown

Handle 0x0056, DMI type 17, 34 bytes
Memory Device
	Array Handle: 0x0025
	Error Information Handle: No Error
	Total Width: Unknown
	Data Width: Unknown
	Size: No Module Installed
	Form Factor: DIMM
	Set: None
	Locator: RAM slot #48
	Bank Locator: RAM slot #48
	Type: DRAM
	Type Detail: Unknown
	Speed: Unknown
	Manufacturer: Not Specified
	Serial Number: Not Specified
	Asset Tag: Not Specified
	Part Number: Not Specified
	Rank: Unknown
	Configured Clock Speed: Unknown

Handle 0x0057, DMI type 17, 34 bytes
Memory Device
	Array Handle: 0x0025
	Error Information Handle: No Error
	Total Width: Unknown
	Data Width: Unknown
	Size: No Module Installed
	Form Factor: DIMM
	Set: None
	Locator: RAM slot #49
	Bank Locator: RAM slot #49
	Type: DRAM
	Type Detail: Unknown
	Speed: Unknown
	Manufacturer: Not Specified
	Serial Number: Not Specified
	Asset Tag: Not Specified
	Part Number: Not Specified
	Rank: Unknown
	Configured Clock Speed: Unknown

Handle 0x0058, DMI type 17, 34 bytes
Memory Device
	Array Handle: 0x0025
	Error Information Handle: No Error
	Total Width: Unknown
	Data Width: Unknown
	Size: No Module Installed
	Form Factor: DIMM
	Set: None
	Locator: RAM slot #50
	Bank Locator: RAM slot #50
	Type: DRAM
	Type Detail: Unknown
	Speed: Unknown
	Manufacturer: Not Specified
	Serial Number: Not Specified
	Asset Tag: Not Specified
	Part Number: Not Specified
	Rank: Unknown
	Configured Clock Speed: Unknown

Handle 0x0059, DMI type 17, 34 bytes
Memory Device
	Array Handle: 0x0025
	Error Information Handle: No Error
	Total Width: Unknown
	Data Width: Unknown
	Size: No Module Installed
	Form Factor: DIMM
	Set: None
	Locator: RAM slot #51
	Bank Locator: RAM slot #51
	Type: DRAM
	Type Detail: Unknown
	Speed: Unknown
	Manufacturer: Not Specified
	Serial Number: Not Specified
	Asset Tag: Not Specified
	Part Number: Not Specified
	Rank: Unknown
	Configured Clock Speed: Unknown

Handle 0x005A, DMI type 17, 34 bytes
Memory Device
	Array Handle: 0x0025
	Error Information Handle: No Error
	Total Width: Unknown
	Data Width: Unknown
	Size: No Module Installed
	Form Factor: DIMM
	Set: None
	Locator: RAM slot #52
	Bank Locator: RAM slot #52
	Type: DRAM
	Type Detail: Unknown
	Speed: Unknown
	Manufacturer: Not Specified
	Serial Number: Not Specified
	Asset Tag: Not Specified
	Part Number: Not Specified
	Rank: Unknown
	Configured Clock Speed: Unknown

Handle 0x005B, DMI type 17, 34 bytes
Memory Device
	Array Handle: 0x0025
	Error Information Handle: No Error
	Total Width: Unknown
	Data Width: Unknown
	Size: No Module Installed
	Form Factor: DIMM
	Set: None
	Locator: RAM slot #53
	Bank Locator: RAM slot #53
	Type: DRAM
	Type Detail: Unknown
	Speed: Unknown
	Manufacturer: Not Specified
	Serial Number: Not Specified
	Asset Tag: Not Specified
	Part Number: Not Specified
	Rank: Unknown
	Configured Clock Speed: Unknown

Handle 0x005C, DMI type 17, 34 bytes
Memory Device
	Array Handle: 0x0025
	Error Information Handle: No Error
	Total Width: Unknown
	Data Width: Unknown
	Size: No Module Installed
	Form Factor: DIMM
	Set: None
	Locator: RAM slot #54
	Bank Locator: RAM slot #54
	Type: DRAM
	Type Detail: Unknown
	Speed: Unknown
	Manufacturer: Not Specified
	Serial Number: Not Specified
	Asset Tag: Not Specified
	Part Number: Not Specified
	Rank: Unknown
	Configured Clock Speed: Unknown

Handle 0x005D, DMI type 17, 34 bytes
Memory Device
	Array Handle: 0x0025
	Error Information Handle: No Error
	Total Width: Unknown
	Data Width: Unknown
	Size: No Module Installed
	Form Factor: DIMM
	Set: None
	Locator: RAM slot #55
	Bank Locator: RAM slot #55
	Type: DRAM
	Type Detail: Unknown
	Speed: Unknown
	Manufacturer: Not Specified
	Serial Number: Not Specified
	Asset Tag: Not Specified
	Part Number: Not Specified
	Rank: Unknown
	Configured Clock Speed: Unknown

Handle 0x005E, DMI type 17, 34 bytes
Memory Device
	Array Handle: 0x0025
	Error Information Handle: No Error
	Total Width: Unknown
	Data Width: Unknown
	Size: No Module Installed
	Form Factor: DIMM
	Set: None
	Locator: RAM slot #56
	Bank Locator: RAM slot #56
	Type: DRAM
	Type Detail: Unknown
	Speed: Unknown
	Manufacturer: Not Specified
	Serial Number: Not Specified
	Asset Tag: Not Specified
	Part Number: Not Specified
	Rank: Unknown
	Configured Clock Speed: Unknown

Handle 0x005F, DMI type 17, 34 bytes
Memory Device
	Array Handle: 0x0025
	Error Information Handle: No Error
	Total Width: Unknown
	Data Width: Unknown
	Size: No Module Installed
	Form Factor: DIMM
	Set: None
	Locator: RAM slot #57
	Bank Locator: RAM slot #57
	Type: DRAM
	Type Detail: Unknown
	Speed: Unknown
	Manufacturer: Not Specified
	Serial Number: Not Specified
	Asset Tag: Not Specified
	Part Number: Not Specified
	Rank: Unknown
	Configured Clock Speed: Unknown

Handle 0x0060, DMI type 17, 34 bytes
Memory Device
	Array Handle: 0x0025
	Error Information Handle: No Error
	Total Width: Unknown
	Data Width: Unknown
	Size: No Module Installed
	Form Factor: DIMM
	Set: None
	Locator: RAM slot #58
	Bank Locator: RAM slot #58
	Type: DRAM
	Type Detail: Unknown
	Speed: Unknown
	Manufacturer: Not Specified
	Serial Number: Not Specified
	Asset Tag: Not Specified
	Part Number: Not Specified
	Rank: Unknown
	Configured Clock Speed: Unknown

Handle 0x0061, DMI type 17, 34 bytes
Memory Device
	Array Handle: 0x0025
	Error Information Handle: No Error
	Total Width: Unknown
	Data Width: Unknown
	Size: No Module Installed
	Form Factor: DIMM
	Set: None
	Locator: RAM slot #59
	Bank Locator: RAM slot #59
	Type: DRAM
	Type Detail: Unknown
	Speed: Unknown
	Manufacturer: Not Specified
	Serial Number: Not Specified
	Asset Tag: Not Specified
	Part Number: Not Specified
	Rank: Unknown
	Configured Clock Speed: Unknown

Handle 0x0062, DMI type 17, 34 bytes
Memory Device
	Array Handle: 0x0025
	Error Information Handle: No Error
	Total Width: Unknown
	Data Width: Unknown
	Size: No Module Installed
	Form Factor: DIMM
	Set: None
	Locator: RAM slot #60
	Bank Locator: RAM slot #60
	Type: DRAM
	Type Detail: Unknown
	Speed: Unknown
	Manufacturer: Not Specified
	Serial Number: Not Specified
	Asset Tag: Not Specified
	Part Number: Not Specified
	Rank: Unknown
	Configured Clock Speed: Unknown

Handle 0x0063, DMI type 17, 34 bytes
Memory Device
	Array Handle: 0x0025
	Error Information Handle: No Error
	Total Width: Unknown
	Data Width: Unknown
	Size: No Module Installed
	Form Factor: DIMM
	Set: None
	Locator: RAM slot #61
	Bank Locator: RAM slot #61
	Type: DRAM
	Type Detail: Unknown
	Speed: Unknown
	Manufacturer: Not Specified
	Serial Number: Not Specified
	Asset Tag: Not Specified
	Part Number: Not Specified
	Rank: Unknown
	Configured Clock Speed: Unknown

Handle 0x0064, DMI type 17, 34 bytes
Memory Device
	Array Handle: 0x0025
	Error Information Handle: No Error
	Total Width: Unknown
	Data Width: Unknown
	Size: No Module Installed
	Form Factor: DIMM
	Set: None
	Locator: RAM slot #62
	Bank Locator: RAM slot #62
	Type: DRAM
	Type Detail: Unknown
	Speed: Unknown
	Manufacturer: Not Specified
	Serial Number: Not Specified
	Asset Tag: Not Specified
	Part Number: Not Specified
	Rank: Unknown
	Configured Clock Speed: Unknown

Handle 0x0065, DMI type 17, 34 bytes
Memory Device
	Array Handle: 0x0025
	Error Information Handle: No Error
	Total Width: Unknown
	Data Width: Unknown
	Size: No Module Installed
	Form Factor: DIMM
	Set: None
	Locator: RAM slot #63
	Bank Locator: RAM slot #63
	Type: DRAM
	Type Detail: Unknown
	Speed: Unknown
	Manufacturer: Not Specified
	Serial Number: Not Specified
	Asset Tag: Not Specified
	Part Number: Not Specified
	Rank: Unknown
	Configured Clock Speed: Unknown

Handle 0x0066, DMI type 17, 34 bytes
Memory Device
	Array Handle: 0x0025
	Error Information Handle: No Error
	Total Width: 32 bits
	Data Width: 32 bits
	Size: No Module Installed
	Form Factor: DIMM
	Set: None
	Locator: NVD #0
	Bank Locator: NVD #0
	Type: Other
	Type Detail: Unknown
	Speed: Unknown
	Manufacturer: Not Specified
	Serial Number: Not Specified
	Asset Tag: Not Specified
	Part Number: Not Specified
	Rank: Unknown
	Configured Clock Speed: Unknown

Handle 0x0067, DMI type 17, 34 bytes
Memory Device
	Array Handle: 0x0025
	Error Information Handle: No Error
	Total Width: 32 bits
	Data Width: 32 bits
	Size: No Module Installed
	Form Factor: DIMM
	Set: None
	Locator: NVD #1
	Bank Locator: NVD #1
	Type: Other
	Type Detail: Unknown
	Speed: Unknown
	Manufacturer: Not Specified
	Serial Number: Not Specified
	Asset Tag: Not Specified
	Part Number: Not Specified
	Rank: Unknown
	Configured Clock Speed: Unknown

Handle 0x0068, DMI type 17, 34 bytes
Memory Device
	Array Handle: 0x0025
	Error Information Handle: No Error
	Total Width: 32 bits
	Data Width: 32 bits
	Size: No Module Installed
	Form Factor: DIMM
	Set: None
	Locator: NVD #2
	Bank Locator: NVD #2
	Type: Other
	Type Detail: Unknown
	Speed: Unknown
	Manufacturer: Not Specified
	Serial Number: Not Specified
	Asset Tag: Not Specified
	Part Number: Not Specified
	Rank: Unknown
	Configured Clock Speed: Unknown

Handle 0x0069, DMI type 17, 34 bytes
Memory Device
	Array Handle: 0x0025
	Error Information Handle: No Error
	Total Width: 32 bits
	Data Width: 32 bits
	Size: No Module Installed
	Form Factor: DIMM
	Set: None
	Locator: NVD #3
	Bank Locator: NVD #3
	Type: Other
	Type Detail: Unknown
	Speed: Unknown
	Manufacturer: Not Specified
	Serial Number: Not Specified
	Asset Tag: Not Specified
	Part Number: Not Specified
	Rank: Unknown
	Configured Clock Speed: Unknown

Handle 0x006A, DMI type 17, 34 bytes
Memory Device
	Array Handle: 0x0025
	Error Information Handle: No Error
	Total Width: 32 bits
	Data Width: 32 bits
	Size: No Module Installed
	Form Factor: DIMM
	Set: None
	Locator: NVD #4
	Bank Locator: NVD #4
	Type: Other
	Type Detail: Unknown
	Speed: Unknown
	Manufacturer: Not Specified
	Serial Number: Not Specified
	Asset Tag: Not Specified
	Part Number: Not Specified
	Rank: Unknown
	Configured Clock Speed: Unknown

Handle 0x006B, DMI type 17, 34 bytes
Memory Device
	Array Handle: 0x0025
	Error Information Handle: No Error
	Total Width: 32 bits
	Data Width: 32 bits
	Size: No Module Installed
	Form Factor: DIMM
	Set: None
	Locator: NVD #5
	Bank Locator: NVD #5
	Type: Other
	Type Detail: Unknown
	Speed: Unknown
	Manufacturer: Not Specified
	Serial Number: Not Specified
	Asset Tag: Not Specified
	Part Number: Not Specified
	Rank: Unknown
	Configured Clock Speed: Unknown

Handle 0x006C, DMI type 17, 34 bytes
Memory Device
	Array Handle: 0x0025
	Error Information Handle: No Error
	Total Width: 32 bits
	Data Width: 32 bits
	Size: No Module Installed
	Form Factor: DIMM
	Set: None
	Locator: NVD #6
	Bank Locator: NVD #6
	Type: Other
	Type Detail: Unknown
	Speed: Unknown
	Manufacturer: Not Specified
	Serial Number: Not Specified
	Asset Tag: Not Specified
	Part Number: Not Specified
	Rank: Unknown
	Configured Clock Speed: Unknown

Handle 0x006D, DMI type 17, 34 bytes
Memory Device
	Array Handle: 0x0025
	Error Information Handle: No Error
	Total Width: 32 bits
	Data Width: 32 bits
	Size: No Module Installed
	Form Factor: DIMM
	Set: None
	Locator: NVD #7
	Bank Locator: NVD #7
	Type: Other
	Type Detail: Unknown
	Speed: Unknown
	Manufacturer: Not Specified
	Serial Number: Not Specified
	Asset Tag: Not Specified
	Part Number: Not Specified
	Rank: Unknown
	Configured Clock Speed: Unknown

Handle 0x006E, DMI type 17, 34 bytes
Memory Device
	Array Handle: 0x0025
	Error Information Handle: No Error
	Total Width: 32 bits
	Data Width: 32 bits
	Size: No Module Installed
	Form Factor: DIMM
	Set: None
	Locator: NVD #8
	Bank Locator: NVD #8
	Type: Other
	Type Detail: Unknown
	Speed: Unknown
	Manufacturer: Not Specified
	Serial Number: Not Specified
	Asset Tag: Not Specified
	Part Number: Not Specified
	Rank: Unknown
	Configured Clock Speed: Unknown

Handle 0x006F, DMI type 17, 34 bytes
Memory Device
	Array Handle: 0x0025
	Error Information Handle: No Error
	Total Width: 32 bits
	Data Width: 32 bits
	Size: No Module Installed
	Form Factor: DIMM
	Set: None
	Locator: NVD #9
	Bank Locator: NVD #9
	Type: Other
	Type Detail: Unknown
	Speed: Unknown
	Manufacturer: Not Specified
	Serial Number: Not Specified
	Asset Tag: Not Specified
	Part Number: Not Specified
	Rank: Unknown
	Configured Clock Speed: Unknown

Handle 0x0070, DMI type 17, 34 bytes
Memory Device
	Array Handle: 0x0025
	Error Information Handle: No Error
	Total Width: 32 bits
	Data Width: 32 bits
	Size: No Module Installed
	Form Factor: DIMM
	Set: None
	Locator: NVD #10
	Bank Locator: NVD #10
	Type: Other
	Type Detail: Unknown
	Speed: Unknown
	Manufacturer: Not Specified
	Serial Number: Not Specified
	Asset Tag: Not Specified
	Part Number: Not Specified
	Rank: Unknown
	Configured Clock Speed: Unknown

Handle 0x0071, DMI type 17, 34 bytes
Memory Device
	Array Handle: 0x0025
	Error Information Handle: No Error
	Total Width: 32 bits
	Data Width: 32 bits
	Size: No Module Installed
	Form Factor: DIMM
	Set: None
	Locator: NVD #11
	Bank Locator: NVD #11
	Type: Other
	Type Detail: Unknown
	Speed: Unknown
	Manufacturer: Not Specified
	Serial Number: Not Specified
	Asset Tag: Not Specified
	Part Number: Not Specified
	Rank: Unknown
	Configured Clock Speed: Unknown

Handle 0x0072, DMI type 17, 34 bytes
Memory Device
	Array Handle: 0x0025
	Error Information Handle: No Error
	Total Width: 32 bits
	Data Width: 32 bits
	Size: No Module Installed
	Form Factor: DIMM
	Set: None
	Locator: NVD #12
	Bank Locator: NVD #12
	Type: Other
	Type Detail: Unknown
	Speed: Unknown
	Manufacturer: Not Specified
	Serial Number: Not Specified
	Asset Tag: Not Specified
	Part Number: Not Specified
	Rank: Unknown
	Configured Clock Speed: Unknown

Handle 0x0073, DMI type 17, 34 bytes
Memory Device
	Array Handle: 0x0025
	Error Information Handle: No Error
	Total Width: 32 bits
	Data Width: 32 bits
	Size: No Module Installed
	Form Factor: DIMM
	Set: None
	Locator: NVD #13
	Bank Locator: NVD #13
	Type: Other
	Type Detail: Unknown
	Speed: Unknown
	Manufacturer: Not Specified
	Serial Number: Not Specified
	Asset Tag: Not Specified
	Part Number: Not Specified
	Rank: Unknown
	Configured Clock Speed: Unknown

Handle 0x0074, DMI type 17, 34 bytes
Memory Device
	Array Handle: 0x0025
	Error Information Handle: No Error
	Total Width: 32 bits
	Data Width: 32 bits
	Size: No Module Installed
	Form Factor: DIMM
	Set: None
	Locator: NVD #14
	Bank Locator: NVD #14
	Type: Other
	Type Detail: Unknown
	Speed: Unknown
	Manufacturer: Not Specified
	Serial Number: Not Specified
	Asset Tag: Not Specified
	Part Number: Not Specified
	Rank: Unknown
	Configured Clock Speed: Unknown

Handle 0x0075, DMI type 17, 34 bytes
Memory Device
	Array Handle: 0x0025
	Error Information Handle: No Error
	Total Width: 32 bits
	Data Width: 32 bits
	Size: No Module Installed
	Form Factor: DIMM
	Set: None
	Locator: NVD #15
	Bank Locator: NVD #15
	Type: Other
	Type Detail: Unknown
	Speed: Unknown
	Manufacturer: Not Specified
	Serial Number: Not Specified
	Asset Tag: Not Specified
	Part Number: Not Specified
	Rank: Unknown
	Configured Clock Speed: Unknown

Handle 0x0076, DMI type 17, 34 bytes
Memory Device
	Array Handle: 0x0025
	Error Information Handle: No Error
	Total Width: 32 bits
	Data Width: 32 bits
	Size: No Module Installed
	Form Factor: DIMM
	Set: None
	Locator: NVD #16
	Bank Locator: NVD #16
	Type: Other
	Type Detail: Unknown
	Speed: Unknown
	Manufacturer: Not Specified
	Serial Number: Not Specified
	Asset Tag: Not Specified
	Part Number: Not Specified
	Rank: Unknown
	Configured Clock Speed: Unknown

Handle 0x0077, DMI type 17, 34 bytes
Memory Device
	Array Handle: 0x0025
	Error Information Handle: No Error
	Total Width: 32 bits
	Data Width: 32 bits
	Size: No Module Installed
	Form Factor: DIMM
	Set: None
	Locator: NVD #17
	Bank Locator: NVD #17
	Type: Other
	Type Detail: Unknown
	Speed: Unknown
	Manufacturer: Not Specified
	Serial Number: Not Specified
	Asset Tag: Not Specified
	Part Number: Not Specified
	Rank: Unknown
	Configured Clock Speed: Unknown

Handle 0x0078, DMI type 17, 34 bytes
Memory Device
	Array Handle: 0x0025
	Error Information Handle: No Error
	Total Width: 32 bits
	Data Width: 32 bits
	Size: No Module Installed
	Form Factor: DIMM
	Set: None
	Locator: NVD #18
	Bank Locator: NVD #18
	Type: Other
	Type Detail: Unknown
	Speed: Unknown
	Manufacturer: Not Specified
	Serial Number: Not Specified
	Asset Tag: Not Specified
	Part Number: Not Specified
	Rank: Unknown
	Configured Clock Speed: Unknown

Handle 0x0079, DMI type 17, 34 bytes
Memory Device
	Array Handle: 0x0025
	Error Information Handle: No Error
	Total Width: 32 bits
	Data Width: 32 bits
	Size: No Module Installed
	Form Factor: DIMM
	Set: None
	Locator: NVD #19
	Bank Locator: NVD #19
	Type: Other
	Type Detail: Unknown
	Speed: Unknown
	Manufacturer: Not Specified
	Serial Number: Not Specified
	Asset Tag: Not Specified
	Part Number: Not Specified
	Rank: Unknown
	Configured Clock Speed: Unknown

Handle 0x007A, DMI type 17, 34 bytes
Memory Device
	Array Handle: 0x0025
	Error Information Handle: No Error
	Total Width: 32 bits
	Data Width: 32 bits
	Size: No Module Installed
	Form Factor: DIMM
	Set: None
	Locator: NVD #20
	Bank Locator: NVD #20
	Type: Other
	Type Detail: Unknown
	Speed: Unknown
	Manufacturer: Not Specified
	Serial Number: Not Specified
	Asset Tag: Not Specified
	Part Number: Not Specified
	Rank: Unknown
	Configured Clock Speed: Unknown

Handle 0x007B, DMI type 17, 34 bytes
Memory Device
	Array Handle: 0x0025
	Error Information Handle: No Error
	Total Width: 32 bits
	Data Width: 32 bits
	Size: No Module Installed
	Form Factor: DIMM
	Set: None
	Locator: NVD #21
	Bank Locator: NVD #21
	Type: Other
	Type Detail: Unknown
	Speed: Unknown
	Manufacturer: Not Specified
	Serial Number: Not Specified
	Asset Tag: Not Specified
	Part Number: Not Specified
	Rank: Unknown
	Configured Clock Speed: Unknown

Handle 0x007C, DMI type 17, 34 bytes
Memory Device
	Array Handle: 0x0025
	Error Information Handle: No Error
	Total Width: 32 bits
	Data Width: 32 bits
	Size: No Module Installed
	Form Factor: DIMM
	Set: None
	Locator: NVD #22
	Bank Locator: NVD #22
	Type: Other
	Type Detail: Unknown
	Speed: Unknown
	Manufacturer: Not Specified
	Serial Number: Not Specified
	Asset Tag: Not Specified
	Part Number: Not Specified
	Rank: Unknown
	Configured Clock Speed: Unknown

Handle 0x007D, DMI type 17, 34 bytes
Memory Device
	Array Handle: 0x0025
	Error Information Handle: No Error
	Total Width: 32 bits
	Data Width: 32 bits
	Size: No Module Installed
	Form Factor: DIMM
	Set: None
	Locator: NVD #23
	Bank Locator: NVD #23
	Type: Other
	Type Detail: Unknown
	Speed: Unknown
	Manufacturer: Not Specified
	Serial Number: Not Specified
	Asset Tag: Not Specified
	Part Number: Not Specified
	Rank: Unknown
	Configured Clock Speed: Unknown

Handle 0x007E, DMI type 17, 34 bytes
Memory Device
	Array Handle: 0x0025
	Error Information Handle: No Error
	Total Width: 32 bits
	Data Width: 32 bits
	Size: No Module Installed
	Form Factor: DIMM
	Set: None
	Locator: NVD #24
	Bank Locator: NVD #24
	Type: Other
	Type Detail: Unknown
	Speed: Unknown
	Manufacturer: Not Specified
	Serial Number: Not Specified
	Asset Tag: Not Specified
	Part Number: Not Specified
	Rank: Unknown
	Configured Clock Speed: Unknown

Handle 0x007F, DMI type 17, 34 bytes
Memory Device
	Array Handle: 0x0025
	Error Information Handle: No Error
	Total Width: 32 bits
	Data Width: 32 bits
	Size: No Module Installed
	Form Factor: DIMM
	Set: None
	Locator: NVD #25
	Bank Locator: NVD #25
	Type: Other
	Type Detail: Unknown
	Speed: Unknown
	Manufacturer: Not Specified
	Serial Number: Not Specified
	Asset Tag: Not Specified
	Part Number: Not Specified
	Rank: Unknown
	Configured Clock Speed: Unknown

Handle 0x0080, DMI type 17, 34 bytes
Memory Device
	Array Handle: 0x0025
	Error Information Handle: No Error
	Total Width: 32 bits
	Data Width: 32 bits
	Size: No Module Installed
	Form Factor: DIMM
	Set: None
	Locator: NVD #26
	Bank Locator: NVD #26
	Type: Other
	Type Detail: Unknown
	Speed: Unknown
	Manufacturer: Not Specified
	Serial Number: Not Specified
	Asset Tag: Not Specified
	Part Number: Not Specified
	Rank: Unknown
	Configured Clock Speed: Unknown

Handle 0x0081, DMI type 17, 34 bytes
Memory Device
	Array Handle: 0x0025
	Error Information Handle: No Error
	Total Width: 32 bits
	Data Width: 32 bits
	Size: No Module Installed
	Form Factor: DIMM
	Set: None
	Locator: NVD #27
	Bank Locator: NVD #27
	Type: Other
	Type Detail: Unknown
	Speed: Unknown
	Manufacturer: Not Specified
	Serial Number: Not Specified
	Asset Tag: Not Specified
	Part Number: Not Specified
	Rank: Unknown
	Configured Clock Speed: Unknown

Handle 0x0082, DMI type 17, 34 bytes
Memory Device
	Array Handle: 0x0025
	Error Information Handle: No Error
	Total Width: 32 bits
	Data Width: 32 bits
	Size: No Module Installed
	Form Factor: DIMM
	Set: None
	Locator: NVD #28
	Bank Locator: NVD #28
	Type: Other
	Type Detail: Unknown
	Speed: Unknown
	Manufacturer: Not Specified
	Serial Number: Not Specified
	Asset Tag: Not Specified
	Part Number: Not Specified
	Rank: Unknown
	Configured Clock Speed: Unknown

Handle 0x0083, DMI type 17, 34 bytes
Memory Device
	Array Handle: 0x0025
	Error Information Handle: No Error
	Total Width: 32 bits
	Data Width: 32 bits
	Size: No Module Installed
	Form Factor: DIMM
	Set: None
	Locator: NVD #29
	Bank Locator: NVD #29
	Type: Other
	Type Detail: Unknown
	Speed: Unknown
	Manufacturer: Not Specified
	Serial Number: Not Specified
	Asset Tag: Not Specified
	Part Number: Not Specified
	Rank: Unknown
	Configured Clock Speed: Unknown

Handle 0x0084, DMI type 17, 34 bytes
Memory Device
	Array Handle: 0x0025
	Error Information Handle: No Error
	Total Width: 32 bits
	Data Width: 32 bits
	Size: No Module Installed
	Form Factor: DIMM
	Set: None
	Locator: NVD #30
	Bank Locator: NVD #30
	Type: Other
	Type Detail: Unknown
	Speed: Unknown
	Manufacturer: Not Specified
	Serial Number: Not Specified
	Asset Tag: Not Specified
	Part Number: Not Specified
	Rank: Unknown
	Configured Clock Speed: Unknown

Handle 0x0085, DMI type 17, 34 bytes
Memory Device
	Array Handle: 0x0025
	Error Information Handle: No Error
	Total Width: 32 bits
	Data Width: 32 bits
	Size: No Module Installed
	Form Factor: DIMM
	Set: None
	Locator: NVD #31
	Bank Locator: NVD #31
	Type: Other
	Type Detail: Unknown
	Speed: Unknown
	Manufacturer: Not Specified
	Serial Number: Not Specified
	Asset Tag: Not Specified
	Part Number: Not Specified
	Rank: Unknown
	Configured Clock Speed: Unknown

Handle 0x0086, DMI type 17, 34 bytes
Memory Device
	Array Handle: 0x0025
	Error Information Handle: No Error
	Total Width: 32 bits
	Data Width: 32 bits
	Size: No Module Installed
	Form Factor: DIMM
	Set: None
	Locator: NVD #32
	Bank Locator: NVD #32
	Type: Other
	Type Detail: Unknown
	Speed: Unknown
	Manufacturer: Not Specified
	Serial Number: Not Specified
	Asset Tag: Not Specified
	Part Number: Not Specified
	Rank: Unknown
	Configured Clock Speed: Unknown

Handle 0x0087, DMI type 17, 34 bytes
Memory Device
	Array Handle: 0x0025
	Error Information Handle: No Error
	Total Width: 32 bits
	Data Width: 32 bits
	Size: No Module Installed
	Form Factor: DIMM
	Set: None
	Locator: NVD #33
	Bank Locator: NVD #33
	Type: Other
	Type Detail: Unknown
	Speed: Unknown
	Manufacturer: Not Specified
	Serial Number: Not Specified
	Asset Tag: Not Specified
	Part Number: Not Specified
	Rank: Unknown
	Configured Clock Speed: Unknown

Handle 0x0088, DMI type 17, 34 bytes
Memory Device
	Array Handle: 0x0025
	Error Information Handle: No Error
	Total Width: 32 bits
	Data Width: 32 bits
	Size: No Module Installed
	Form Factor: DIMM
	Set: None
	Locator: NVD #34
	Bank Locator: NVD #34
	Type: Other
	Type Detail: Unknown
	Speed: Unknown
	Manufacturer: Not Specified
	Serial Number: Not Specified
	Asset Tag: Not Specified
	Part Number: Not Specified
	Rank: Unknown
	Configured Clock Speed: Unknown

Handle 0x0089, DMI type 17, 34 bytes
Memory Device
	Array Handle: 0x0025
	Error Information Handle: No Error
	Total Width: 32 bits
	Data Width: 32 bits
	Size: No Module Installed
	Form Factor: DIMM
	Set: None
	Locator: NVD #35
	Bank Locator: NVD #35
	Type: Other
	Type Detail: Unknown
	Speed: Unknown
	Manufacturer: Not Specified
	Serial Number: Not Specified
	Asset Tag: Not Specified
	Part Number: Not Specified
	Rank: Unknown
	Configured Clock Speed: Unknown

Handle 0x008A, DMI type 17, 34 bytes
Memory Device
	Array Handle: 0x0025
	Error Information Handle: No Error
	Total Width: 32 bits
	Data Width: 32 bits
	Size: No Module Installed
	Form Factor: DIMM
	Set: None
	Locator: NVD #36
	Bank Locator: NVD #36
	Type: Other
	Type Detail: Unknown
	Speed: Unknown
	Manufacturer: Not Specified
	Serial Number: Not Specified
	Asset Tag: Not Specified
	Part Number: Not Specified
	Rank: Unknown
	Configured Clock Speed: Unknown

Handle 0x008B, DMI type 17, 34 bytes
Memory Device
	Array Handle: 0x0025
	Error Information Handle: No Error
	Total Width: 32 bits
	Data Width: 32 bits
	Size: No Module Installed
	Form Factor: DIMM
	Set: None
	Locator: NVD #37
	Bank Locator: NVD #37
	Type: Other
	Type Detail: Unknown
	Speed: Unknown
	Manufacturer: Not Specified
	Serial Number: Not Specified
	Asset Tag: Not Specified
	Part Number: Not Specified
	Rank: Unknown
	Configured Clock Speed: Unknown

Handle 0x008C, DMI type 17, 34 bytes
Memory Device
	Array Handle: 0x0025
	Error Information Handle: No Error
	Total Width: 32 bits
	Data Width: 32 bits
	Size: No Module Installed
	Form Factor: DIMM
	Set: None
	Locator: NVD #38
	Bank Locator: NVD #38
	Type: Other
	Type Detail: Unknown
	Speed: Unknown
	Manufacturer: Not Specified
	Serial Number: Not Specified
	Asset Tag: Not Specified
	Part Number: Not Specified
	Rank: Unknown
	Configured Clock Speed: Unknown

Handle 0x008D, DMI type 17, 34 bytes
Memory Device
	Array Handle: 0x0025
	Error Information Handle: No Error
	Total Width: 32 bits
	Data Width: 32 bits
	Size: No Module Installed
	Form Factor: DIMM
	Set: None
	Locator: NVD #39
	Bank Locator: NVD #39
	Type: Other
	Type Detail: Unknown
	Speed: Unknown
	Manufacturer: Not Specified
	Serial Number: Not Specified
	Asset Tag: Not Specified
	Part Number: Not Specified
	Rank: Unknown
	Configured Clock Speed: Unknown

Handle 0x008E, DMI type 17, 34 bytes
Memory Device
	Array Handle: 0x0025
	Error Information Handle: No Error
	Total Width: 32 bits
	Data Width: 32 bits
	Size: No Module Installed
	Form Factor: DIMM
	Set: None
	Locator: NVD #40
	Bank Locator: NVD #40
	Type: Other
	Type Detail: Unknown
	Speed: Unknown
	Manufacturer: Not Specified
	Serial Number: Not Specified
	Asset Tag: Not Specified
	Part Number: Not Specified
	Rank: Unknown
	Configured Clock Speed: Unknown

Handle 0x008F, DMI type 17, 34 bytes
Memory Device
	Array Handle: 0x0025
	Error Information Handle: No Error
	Total Width: 32 bits
	Data Width: 32 bits
	Size: No Module Installed
	Form Factor: DIMM
	Set: None
	Locator: NVD #41
	Bank Locator: NVD #41
	Type: Other
	Type Detail: Unknown
	Speed: Unknown
	Manufacturer: Not Specified
	Serial Number: Not Specified
	Asset Tag: Not Specified
	Part Number: Not Specified
	Rank: Unknown
	Configured Clock Speed: Unknown

Handle 0x0090, DMI type 17, 34 bytes
Memory Device
	Array Handle: 0x0025
	Error Information Handle: No Error
	Total Width: 32 bits
	Data Width: 32 bits
	Size: No Module Installed
	Form Factor: DIMM
	Set: None
	Locator: NVD #42
	Bank Locator: NVD #42
	Type: Other
	Type Detail: Unknown
	Speed: Unknown
	Manufacturer: Not Specified
	Serial Number: Not Specified
	Asset Tag: Not Specified
	Part Number: Not Specified
	Rank: Unknown
	Configured Clock Speed: Unknown

Handle 0x0091, DMI type 17, 34 bytes
Memory Device
	Array Handle: 0x0025
	Error Information Handle: No Error
	Total Width: 32 bits
	Data Width: 32 bits
	Size: No Module Installed
	Form Factor: DIMM
	Set: None
	Locator: NVD #43
	Bank Locator: NVD #43
	Type: Other
	Type Detail: Unknown
	Speed: Unknown
	Manufacturer: Not Specified
	Serial Number: Not Specified
	Asset Tag: Not Specified
	Part Number: Not Specified
	Rank: Unknown
	Configured Clock Speed: Unknown

Handle 0x0092, DMI type 17, 34 bytes
Memory Device
	Array Handle: 0x0025
	Error Information Handle: No Error
	Total Width: 32 bits
	Data Width: 32 bits
	Size: No Module Installed
	Form Factor: DIMM
	Set: None
	Locator: NVD #44
	Bank Locator: NVD #44
	Type: Other
	Type Detail: Unknown
	Speed: Unknown
	Manufacturer: Not Specified
	Serial Number: Not Specified
	Asset Tag: Not Specified
	Part Number: Not Specified
	Rank: Unknown
	Configured Clock Speed: Unknown

Handle 0x0093, DMI type 17, 34 bytes
Memory Device
	Array Handle: 0x0025
	Error Information Handle: No Error
	Total Width: 32 bits
	Data Width: 32 bits
	Size: No Module Installed
	Form Factor: DIMM
	Set: None
	Locator: NVD #45
	Bank Locator: NVD #45
	Type: Other
	Type Detail: Unknown
	Speed: Unknown
	Manufacturer: Not Specified
	Serial Number: Not Specified
	Asset Tag: Not Specified
	Part Number: Not Specified
	Rank: Unknown
	Configured Clock Speed: Unknown

Handle 0x0094, DMI type 17, 34 bytes
Memory Device
	Array Handle: 0x0025
	Error Information Handle: No Error
	Total Width: 32 bits
	Data Width: 32 bits
	Size: No Module Installed
	Form Factor: DIMM
	Set: None
	Locator: NVD #46
	Bank Locator: NVD #46
	Type: Other
	Type Detail: Unknown
	Speed: Unknown
	Manufacturer: Not Specified
	Serial Number: Not Specified
	Asset Tag: Not Specified
	Part Number: Not Specified
	Rank: Unknown
	Configured Clock Speed: Unknown

Handle 0x0095, DMI type 17, 34 bytes
Memory Device
	Array Handle: 0x0025
	Error Information Handle: No Error
	Total Width: 32 bits
	Data Width: 32 bits
	Size: No Module Installed
	Form Factor: DIMM
	Set: None
	Locator: NVD #47
	Bank Locator: NVD #47
	Type: Other
	Type Detail: Unknown
	Speed: Unknown
	Manufacturer: Not Specified
	Serial Number: Not Specified
	Asset Tag: Not Specified
	Part Number: Not Specified
	Rank: Unknown
	Configured Clock Speed: Unknown

Handle 0x0096, DMI type 17, 34 bytes
Memory Device
	Array Handle: 0x0025
	Error Information Handle: No Error
	Total Width: 32 bits
	Data Width: 32 bits
	Size: No Module Installed
	Form Factor: DIMM
	Set: None
	Locator: NVD #48
	Bank Locator: NVD #48
	Type: Other
	Type Detail: Unknown
	Speed: Unknown
	Manufacturer: Not Specified
	Serial Number: Not Specified
	Asset Tag: Not Specified
	Part Number: Not Specified
	Rank: Unknown
	Configured Clock Speed: Unknown

Handle 0x0097, DMI type 17, 34 bytes
Memory Device
	Array Handle: 0x0025
	Error Information Handle: No Error
	Total Width: 32 bits
	Data Width: 32 bits
	Size: No Module Installed
	Form Factor: DIMM
	Set: None
	Locator: NVD #49
	Bank Locator: NVD #49
	Type: Other
	Type Detail: Unknown
	Speed: Unknown
	Manufacturer: Not Specified
	Serial Number: Not Specified
	Asset Tag: Not Specified
	Part Number: Not Specified
	Rank: Unknown
	Configured Clock Speed: Unknown

Handle 0x0098, DMI type 17, 34 bytes
Memory Device
	Array Handle: 0x0025
	Error Information Handle: No Error
	Total Width: 32 bits
	Data Width: 32 bits
	Size: No Module Installed
	Form Factor: DIMM
	Set: None
	Locator: NVD #50
	Bank Locator: NVD #50
	Type: Other
	Type Detail: Unknown
	Speed: Unknown
	Manufacturer: Not Specified
	Serial Number: Not Specified
	Asset Tag: Not Specified
	Part Number: Not Specified
	Rank: Unknown
	Configured Clock Speed: Unknown

Handle 0x0099, DMI type 17, 34 bytes
Memory Device
	Array Handle: 0x0025
	Error Information Handle: No Error
	Total Width: 32 bits
	Data Width: 32 bits
	Size: No Module Installed
	Form Factor: DIMM
	Set: None
	Locator: NVD #51
	Bank Locator: NVD #51
	Type: Other
	Type Detail: Unknown
	Speed: Unknown
	Manufacturer: Not Specified
	Serial Number: Not Specified
	Asset Tag: Not Specified
	Part Number: Not Specified
	Rank: Unknown
	Configured Clock Speed: Unknown

Handle 0x009A, DMI type 17, 34 bytes
Memory Device
	Array Handle: 0x0025
	Error Information Handle: No Error
	Total Width: 32 bits
	Data Width: 32 bits
	Size: No Module Installed
	Form Factor: DIMM
	Set: None
	Locator: NVD #52
	Bank Locator: NVD #52
	Type: Other
	Type Detail: Unknown
	Speed: Unknown
	Manufacturer: Not Specified
	Serial Number: Not Specified
	Asset Tag: Not Specified
	Part Number: Not Specified
	Rank: Unknown
	Configured Clock Speed: Unknown

Handle 0x009B, DMI type 17, 34 bytes
Memory Device
	Array Handle: 0x0025
	Error Information Handle: No Error
	Total Width: 32 bits
	Data Width: 32 bits
	Size: No Module Installed
	Form Factor: DIMM
	Set: None
	Locator: NVD #53
	Bank Locator: NVD #53
	Type: Other
	Type Detail: Unknown
	Speed: Unknown
	Manufacturer: Not Specified
	Serial Number: Not Specified
	Asset Tag: Not Specified
	Part Number: Not Specified
	Rank: Unknown
	Configured Clock Speed: Unknown

Handle 0x009C, DMI type 17, 34 bytes
Memory Device
	Array Handle: 0x0025
	Error Information Handle: No Error
	Total Width: 32 bits
	Data Width: 32 bits
	Size: No Module Installed
	Form Factor: DIMM
	Set: None
	Locator: NVD #54
	Bank Locator: NVD #54
	Type: Other
	Type Detail: Unknown
	Speed: Unknown
	Manufacturer: Not Specified
	Serial Number: Not Specified
	Asset Tag: Not Specified
	Part Number: Not Specified
	Rank: Unknown
	Configured Clock Speed: Unknown

Handle 0x009D, DMI type 17, 34 bytes
Memory Device
	Array Handle: 0x0025
	Error Information Handle: No Error
	Total Width: 32 bits
	Data Width: 32 bits
	Size: No Module Installed
	Form Factor: DIMM
	Set: None
	Locator: NVD #55
	Bank Locator: NVD #55
	Type: Other
	Type Detail: Unknown
	Speed: Unknown
	Manufacturer: Not Specified
	Serial Number: Not Specified
	Asset Tag: Not Specified
	Part Number: Not Specified
	Rank: Unknown
	Configured Clock Speed: Unknown

Handle 0x009E, DMI type 17, 34 bytes
Memory Device
	Array Handle: 0x0025
	Error Information Handle: No Error
	Total Width: 32 bits
	Data Width: 32 bits
	Size: No Module Installed
	Form Factor: DIMM
	Set: None
	Locator: NVD #56
	Bank Locator: NVD #56
	Type: Other
	Type Detail: Unknown
	Speed: Unknown
	Manufacturer: Not Specified
	Serial Number: Not Specified
	Asset Tag: Not Specified
	Part Number: Not Specified
	Rank: Unknown
	Configured Clock Speed: Unknown

Handle 0x009F, DMI type 17, 34 bytes
Memory Device
	Array Handle: 0x0025
	Error Information Handle: No Error
	Total Width: 32 bits
	Data Width: 32 bits
	Size: No Module Installed
	Form Factor: DIMM
	Set: None
	Locator: NVD #57
	Bank Locator: NVD #57
	Type: Other
	Type Detail: Unknown
	Speed: Unknown
	Manufacturer: Not Specified
	Serial Number: Not Specified
	Asset Tag: Not Specified
	Part Number: Not Specified
	Rank: Unknown
	Configured Clock Speed: Unknown

Handle 0x00A0, DMI type 17, 34 bytes
Memory Device
	Array Handle: 0x0025
	Error Information Handle: No Error
	Total Width: 32 bits
	Data Width: 32 bits
	Size: No Module Installed
	Form Factor: DIMM
	Set: None
	Locator: NVD #58
	Bank Locator: NVD #58
	Type: Other
	Type Detail: Unknown
	Speed: Unknown
	Manufacturer: Not Specified
	Serial Number: Not Specified
	Asset Tag: Not Specified
	Part Number: Not Specified
	Rank: Unknown
	Configured Clock Speed: Unknown

Handle 0x00A1, DMI type 17, 34 bytes
Memory Device
	Array Handle: 0x0025
	Error Information Handle: No Error
	Total Width: 32 bits
	Data Width: 32 bits
	Size: No Module Installed
	Form Factor: DIMM
	Set: None
	Locator: NVD #59
	Bank Locator: NVD #59
	Type: Other
	Type Detail: Unknown
	Speed: Unknown
	Manufacturer: Not Specified
	Serial Number: Not Specified
	Asset Tag: Not Specified
	Part Number: Not Specified
	Rank: Unknown
	Configured Clock Speed: Unknown

Handle 0x00A2, DMI type 17, 34 bytes
Memory Device
	Array Handle: 0x0025
	Error Information Handle: No Error
	Total Width: 32 bits
	Data Width: 32 bits
	Size: No Module Installed
	Form Factor: DIMM
	Set: None
	Locator: NVD #60
	Bank Locator: NVD #60
	Type: Other
	Type Detail: Unknown
	Speed: Unknown
	Manufacturer: Not Specified
	Serial Number: Not Specified
	Asset Tag: Not Specified
	Part Number: Not Specified
	Rank: Unknown
	Configured Clock Speed: Unknown

Handle 0x00A3, DMI type 17, 34 bytes
Memory Device
	Array Handle: 0x0025
	Error Information Handle: No Error
	Total Width: 32 bits
	Data Width: 32 bits
	Size: No Module Installed
	Form Factor: DIMM
	Set: None
	Locator: NVD #61
	Bank Locator: NVD #61
	Type: Other
	Type Detail: Unknown
	Speed: Unknown
	Manufacturer: Not Specified
	Serial Number: Not Specified
	Asset Tag: Not Specified
	Part Number: Not Specified
	Rank: Unknown
	Configured Clock Speed: Unknown

Handle 0x00A4, DMI type 17, 34 bytes
Memory Device
	Array Handle: 0x0025
	Error Information Handle: No Error
	Total Width: 32 bits
	Data Width: 32 bits
	Size: No Module Installed
	Form Factor: DIMM
	Set: None
	Locator: NVD #62
	Bank Locator: NVD #62
	Type: Other
	Type Detail: Unknown
	Speed: Unknown
	Manufacturer: Not Specified
	Serial Number: Not Specified
	Asset Tag: Not Specified
	Part Number: Not Specified
	Rank: Unknown
	Configured Clock Speed: Unknown

Handle 0x00A5, DMI type 17, 34 bytes
Memory Device
	Array Handle: 0x0025
	Error Information Handle: No Error
	Total Width: 32 bits
	Data Width: 32 bits
	Size: No Module Installed
	Form Factor: DIMM
	Set: None
	Locator: NVD #63
	Bank Locator: NVD #63
	Type: Other
	Type Detail: Unknown
	Speed: Unknown
	Manufacturer: Not Specified
	Serial Number: Not Specified
	Asset Tag: Not Specified
	Part Number: Not Specified
	Rank: Unknown
	Configured Clock Speed: Unknown

Handle 0x00A6, DMI type 18, 23 bytes
32-bit Memory Error Information
	Type: OK
	Granularity: Unknown
	Operation: Unknown
	Vendor Syndrome: Unknown
	Memory Array Address: Unknown
	Device Address: Unknown
	Resolution: Unknown

Handle 0x00A7, DMI type 19, 31 bytes
Memory Array Mapped Address
	Starting Address: 0x00000000000
	Ending Address: 0x0007CFFFFFF
	Range Size: 2000 MB
	Physical Array Handle: 0x0025
	Partition Width: 64

Handle 0x00A8, DMI type 20, 35 bytes
Memory Device Mapped Address
	Starting Address: 0x00000000000
	Ending Address: 0x0003FFFFFFF
	Range Size: 1 GB
	Physical Device Handle: 0x0026
	Memory Array Mapped Address Handle: 0x00A7
	Partition Row Position: Unknown
	Interleave Position: Unknown
	Interleaved Data Depth: Unknown

Handle 0x00A9, DMI type 20, 35 bytes
Memory Device Mapped Address
	Starting Address: 0x00040000000
	Ending Address: 0x0005FFFFFFF
	Range Size: 512 MB
	Physical Device Handle: 0x0027
	Memory Array Mapped Address Handle: 0x00A7
	Partition Row Position: Unknown
	Interleave Position: Unknown
	Interleaved Data Depth: Unknown

Handle 0x00AA, DMI type 20, 35 bytes
Memory Device Mapped Address
	Starting Address: 0x00060000000
	Ending Address: 0x0006FFFFFFF
	Range Size: 256 MB
	Physical Device Handle: 0x0028
	Memory Array Mapped Address Handle: 0x00A7
	Partition Row Position: Unknown
	Interleave Position: Unknown
	Interleaved Data Depth: Unknown

Handle 0x00AB, DMI type 20, 35 bytes
Memory Device Mapped Address
	Starting Address: 0x00070000000
	Ending Address: 0x00077FFFFFF
	Range Size: 128 MB
	Physical Device Handle: 0x0029
	Memory Array Mapped Address Handle: 0x00A7
	Partition Row Position: Unknown
	Interleave Position: Unknown
	Interleaved Data Depth: Unknown

Handle 0x00AC, DMI type 20, 35 bytes
Memory Device Mapped Address
	Starting Address: 0x00078000000
	Ending Address: 0x0007BFFFFFF
	Range Size: 64 MB
	Physical Device Handle: 0x002A
	Memory Array Mapped Address Handle: 0x00A7
	Partition Row Position: Unknown
	Interleave Position: Unknown
	Interleaved Data Depth: Unknown

Handle 0x00AD, DMI type 20, 35 bytes
Memory Device Mapped Address
	Starting Address: 0x0007C000000
	Ending Address: 0x0007CFFFFFF
	Range Size: 16 MB
	Physical Device Handle: 0x002B
	Memory Array Mapped Address Handle: 0x00A7
	Partition Row Position: Unknown
	Interleave Position: Unknown
	Interleaved Data Depth: Unknown

Handle 0x00AE, DMI type 20, 35 bytes
Memory Device Mapped Address
	Starting Address: 0x0007CFFFC00
	Ending Address: 0x0007CFFFFFF
	Range Size: 1 kB
	Physical Device Handle: 0x002C
	Memory Array Mapped Address Handle: 0x00A7
	Partition Row Position: Unknown
	Interleave Position: Unknown
	Interleaved Data Depth: Unknown

Handle 0x00AF, DMI type 20, 35 bytes
Memory Device Mapped Address
	Starting Address: 0x0007CFFFC00
	Ending Address: 0x0007CFFFFFF
	Range Size: 1 kB
	Physical Device Handle: 0x002D
	Memory Array Mapped Address Handle: 0x00A7
	Partition Row Position: Unknown
	Interleave Position: Unknown
	Interleaved Data Depth: Unknown

Handle 0x00B0, DMI type 20, 35 bytes
Memory Device Mapped Address
	Starting Address: 0x0007CFFFC00
	Ending Address: 0x0007CFFFFFF
	Range Size: 1 kB
	Physical Device Handle: 0x002E
	Memory Array Mapped Address Handle: 0x00A7
	Partition Row Position: Unknown
	Interleave Position: Unknown
	Interleaved Data Depth: Unknown

Handle 0x00B1, DMI type 20, 35 bytes
Memory Device Mapped Address
	Starting Address: 0x0007CFFFC00
	Ending Address: 0x0007CFFFFFF
	Range Size: 1 kB
	Physical Device Handle: 0x002F
	Memory Array Mapped Address Handle: 0x00A7
	Partition Row Position: Unknown
	Interleave Position: Unknown
	Interleaved Data Depth: Unknown

Handle 0x00B2, DMI type 20, 35 bytes
Memory Device Mapped Address
	Starting Address: 0x0007CFFFC00
	Ending Address: 0x0007CFFFFFF
	Range Size: 1 kB
	Physical Device Handle: 0x0030
	Memory Array Mapped Address Handle: 0x00A7
	Partition Row Position: Unknown
	Interleave Position: Unknown
	Interleaved Data Depth: Unknown

Handle 0x00B3, DMI type 20, 35 bytes
Memory Device Mapped Address
	Starting Address: 0x0007CFFFC00
	Ending Address: 0x0007CFFFFFF
	Range Size: 1 kB
	Physical Device Handle: 0x0031
	Memory Array Mapped Address Handle: 0x00A7
	Partition Row Position: Unknown
	Interleave Position: Unknown
	Interleaved Data Depth: Unknown

Handle 0x00B4, DMI type 20, 35 bytes
Memory Device Mapped Address
	Starting Address: 0x0007CFFFC00
	Ending Address: 0x0007CFFFFFF
	Range Size: 1 kB
	Physical Device Handle: 0x0032
	Memory Array Mapped Address Handle: 0x00A7
	Partition Row Position: Unknown
	Interleave Position: Unknown
	Interleaved Data Depth: Unknown

Handle 0x00B5, DMI type 20, 35 bytes
Memory Device Mapped Address
	Starting Address: 0x0007CFFFC00
	Ending Address: 0x0007CFFFFFF
	Range Size: 1 kB
	Physical Device Handle: 0x0033
	Memory Array Mapped Address Handle: 0x00A7
	Partition Row Position: Unknown
	Interleave Position: Unknown
	Interleaved Data Depth: Unknown

Handle 0x00B6, DMI type 20, 35 bytes
Memory Device Mapped Address
	Starting Address: 0x0007CFFFC00
	Ending Address: 0x0007CFFFFFF
	Range Size: 1 kB
	Physical Device Handle: 0x0034
	Memory Array Mapped Address Handle: 0x00A7
	Partition Row Position: Unknown
	Interleave Position: Unknown
	Interleaved Data Depth: Unknown

Handle 0x00B7, DMI type 20, 35 bytes
Memory Device Mapped Address
	Starting Address: 0x0007CFFFC00
	Ending Address: 0x0007CFFFFFF
	Range Size: 1 kB
	Physical Device Handle: 0x0035
	Memory Array Mapped Address Handle: 0x00A7
	Partition Row Position: Unknown
	Interleave Position: Unknown
	Interleaved Data Depth: Unknown

Handle 0x00B8, DMI type 20, 35 bytes
Memory Device Mapped Address
	Starting Address: 0x0007CFFFC00
	Ending Address: 0x0007CFFFFFF
	Range Size: 1 kB
	Physical Device Handle: 0x0036
	Memory Array Mapped Address Handle: 0x00A7
	Partition Row Position: Unknown
	Interleave Position: Unknown
	Interleaved Data Depth: Unknown

Handle 0x00B9, DMI type 20, 35 bytes
Memory Device Mapped Address
	Starting Address: 0x0007CFFFC00
	Ending Address: 0x0007CFFFFFF
	Range Size: 1 kB
	Physical Device Handle: 0x0037
	Memory Array Mapped Address Handle: 0x00A7
	Partition Row Position: Unknown
	Interleave Position: Unknown
	Interleaved Data Depth: Unknown

Handle 0x00BA, DMI type 20, 35 bytes
Memory Device Mapped Address
	Starting Address: 0x0007CFFFC00
	Ending Address: 0x0007CFFFFFF
	Range Size: 1 kB
	Physical Device Handle: 0x0038
	Memory Array Mapped Address Handle: 0x00A7
	Partition Row Position: Unknown
	Interleave Position: Unknown
	Interleaved Data Depth: Unknown

Handle 0x00BB, DMI type 20, 35 bytes
Memory Device Mapped Address
	Starting Address: 0x0007CFFFC00
	Ending Address: 0x0007CFFFFFF
	Range Size: 1 kB
	Physical Device Handle: 0x0039
	Memory Array Mapped Address Handle: 0x00A7
	Partition Row Position: Unknown
	Interleave Position: Unknown
	Interleaved Data Depth: Unknown

Handle 0x00BC, DMI type 20, 35 bytes
Memory Device Mapped Address
	Starting Address: 0x0007CFFFC00
	Ending Address: 0x0007CFFFFFF
	Range Size: 1 kB
	Physical Device Handle: 0x003A
	Memory Array Mapped Address Handle: 0x00A7
	Partition Row Position: Unknown
	Interleave Position: Unknown
	Interleaved Data Depth: Unknown

Handle 0x00BD, DMI type 20, 35 bytes
Memory Device Mapped Address
	Starting Address: 0x0007CFFFC00
	Ending Address: 0x0007CFFFFFF
	Range Size: 1 kB
	Physical Device Handle: 0x003B
	Memory Array Mapped Address Handle: 0x00A7
	Partition Row Position: Unknown
	Interleave Position: Unknown
	Interleaved Data Depth: Unknown

Handle 0x00BE, DMI type 20, 35 bytes
Memory Device Mapped Address
	Starting Address: 0x0007CFFFC00
	Ending Address: 0x0007CFFFFFF
	Range Size: 1 kB
	Physical Device Handle: 0x003C
	Memory Array Mapped Address Handle: 0x00A7
	Partition Row Position: Unknown
	Interleave Position: Unknown
	Interleaved Data Depth: Unknown

Handle 0x00BF, DMI type 20, 35 bytes
Memory Device Mapped Address
	Starting Address: 0x0007CFFFC00
	Ending Address: 0x0007CFFFFFF
	Range Size: 1 kB
	Physical Device Handle: 0x003D
	Memory Array Mapped Address Handle: 0x00A7
	Partition Row Position: Unknown
	Interleave Position: Unknown
	Interleaved Data Depth: Unknown

Handle 0x00C0, DMI type 20, 35 bytes
Memory Device Mapped Address
	Starting Address: 0x0007CFFFC00
	Ending Address: 0x0007CFFFFFF
	Range Size: 1 kB
	Physical Device Handle: 0x003E
	Memory Array Mapped Address Handle: 0x00A7
	Partition Row Position: Unknown
	Interleave Position: Unknown
	Interleaved Data Depth: Unknown

Handle 0x00C1, DMI type 20, 35 bytes
Memory Device Mapped Address
	Starting Address: 0x0007CFFFC00
	Ending Address: 0x0007CFFFFFF
	Range Size: 1 kB
	Physical Device Handle: 0x003F
	Memory Array Mapped Address Handle: 0x00A7
	Partition Row Position: Unknown
	Interleave Position: Unknown
	Interleaved Data Depth: Unknown

Handle 0x00C2, DMI type 20, 35 bytes
Memory Device Mapped Address
	Starting Address: 0x0007CFFFC00
	Ending Address: 0x0007CFFFFFF
	Range Size: 1 kB
	Physical Device Handle: 0x0040
	Memory Array Mapped Address Handle: 0x00A7
	Partition Row Position: Unknown
	Interleave Position: Unknown
	Interleaved Data Depth: Unknown

Handle 0x00C3, DMI type 20, 35 bytes
Memory Device Mapped Address
	Starting Address: 0x0007CFFFC00
	Ending Address: 0x0007CFFFFFF
	Range Size: 1 kB
	Physical Device Handle: 0x0041
	Memory Array Mapped Address Handle: 0x00A7
	Partition Row Position: Unknown
	Interleave Position: Unknown
	Interleaved Data Depth: Unknown

Handle 0x00C4, DMI type 20, 35 bytes
Memory Device Mapped Address
	Starting Address: 0x0007CFFFC00
	Ending Address: 0x0007CFFFFFF
	Range Size: 1 kB
	Physical Device Handle: 0x0042
	Memory Array Mapped Address Handle: 0x00A7
	Partition Row Position: Unknown
	Interleave Position: Unknown
	Interleaved Data Depth: Unknown

Handle 0x00C5, DMI type 20, 35 bytes
Memory Device Mapped Address
	Starting Address: 0x0007CFFFC00
	Ending Address: 0x0007CFFFFFF
	Range Size: 1 kB
	Physical Device Handle: 0x0043
	Memory Array Mapped Address Handle: 0x00A7
	Partition Row Position: Unknown
	Interleave Position: Unknown
	Interleaved Data Depth: Unknown

Handle 0x00C6, DMI type 20, 35 bytes
Memory Device Mapped Address
	Starting Address: 0x0007CFFFC00
	Ending Address: 0x0007CFFFFFF
	Range Size: 1 kB
	Physical Device Handle: 0x0044
	Memory Array Mapped Address Handle: 0x00A7
	Partition Row Position: Unknown
	Interleave Position: Unknown
	Interleaved Data Depth: Unknown

Handle 0x00C7, DMI type 20, 35 bytes
Memory Device Mapped Address
	Starting Address: 0x0007CFFFC00
	Ending Address: 0x0007CFFFFFF
	Range Size: 1 kB
	Physical Device Handle: 0x0045
	Memory Array Mapped Address Handle: 0x00A7
	Partition Row Position: Unknown
	Interleave Position: Unknown
	Interleaved Data Depth: Unknown

Handle 0x00C8, DMI type 20, 35 bytes
Memory Device Mapped Address
	Starting Address: 0x0007CFFFC00
	Ending Address: 0x0007CFFFFFF
	Range Size: 1 kB
	Physical Device Handle: 0x0046
	Memory Array Mapped Address Handle: 0x00A7
	Partition Row Position: Unknown
	Interleave Position: Unknown
	Interleaved Data Depth: Unknown

Handle 0x00C9, DMI type 20, 35 bytes
Memory Device Mapped Address
	Starting Address: 0x0007CFFFC00
	Ending Address: 0x0007CFFFFFF
	Range Size: 1 kB
	Physical Device Handle: 0x0047
	Memory Array Mapped Address Handle: 0x00A7
	Partition Row Position: Unknown
	Interleave Position: Unknown
	Interleaved Data Depth: Unknown

Handle 0x00CA, DMI type 20, 35 bytes
Memory Device Mapped Address
	Starting Address: 0x0007CFFFC00
	Ending Address: 0x0007CFFFFFF
	Range Size: 1 kB
	Physical Device Handle: 0x0048
	Memory Array Mapped Address Handle: 0x00A7
	Partition Row Position: Unknown
	Interleave Position: Unknown
	Interleaved Data Depth: Unknown

Handle 0x00CB, DMI type 20, 35 bytes
Memory Device Mapped Address
	Starting Address: 0x0007CFFFC00
	Ending Address: 0x0007CFFFFFF
	Range Size: 1 kB
	Physical Device Handle: 0x0049
	Memory Array Mapped Address Handle: 0x00A7
	Partition Row Position: Unknown
	Interleave Position: Unknown
	Interleaved Data Depth: Unknown

Handle 0x00CC, DMI type 20, 35 bytes
Memory Device Mapped Address
	Starting Address: 0x0007CFFFC00
	Ending Address: 0x0007CFFFFFF
	Range Size: 1 kB
	Physical Device Handle: 0x004A
	Memory Array Mapped Address Handle: 0x00A7
	Partition Row Position: Unknown
	Interleave Position: Unknown
	Interleaved Data Depth: Unknown

Handle 0x00CD, DMI type 20, 35 bytes
Memory Device Mapped Address
	Starting Address: 0x0007CFFFC00
	Ending Address: 0x0007CFFFFFF
	Range Size: 1 kB
	Physical Device Handle: 0x004B
	Memory Array Mapped Address Handle: 0x00A7
	Partition Row Position: Unknown
	Interleave Position: Unknown
	Interleaved Data Depth: Unknown

Handle 0x00CE, DMI type 20, 35 bytes
Memory Device Mapped Address
	Starting Address: 0x0007CFFFC00
	Ending Address: 0x0007CFFFFFF
	Range Size: 1 kB
	Physical Device Handle: 0x004C
	Memory Array Mapped Address Handle: 0x00A7
	Partition Row Position: Unknown
	Interleave Position: Unknown
	Interleaved Data Depth: Unknown

Handle 0x00CF, DMI type 20, 35 bytes
Memory Device Mapped Address
	Starting Address: 0x0007CFFFC00
	Ending Address: 0x0007CFFFFFF
	Range Size: 1 kB
	Physical Device Handle: 0x004D
	Memory Array Mapped Address Handle: 0x00A7
	Partition Row Position: Unknown
	Interleave Position: Unknown
	Interleaved Data Depth: Unknown

Handle 0x00D0, DMI type 20, 35 bytes
Memory Device Mapped Address
	Starting Address: 0x0007CFFFC00
	Ending Address: 0x0007CFFFFFF
	Range Size: 1 kB
	Physical Device Handle: 0x004E
	Memory Array Mapped Address Handle: 0x00A7
	Partition Row Position: Unknown
	Interleave Position: Unknown
	Interleaved Data Depth: Unknown

Handle 0x00D1, DMI type 20, 35 bytes
Memory Device Mapped Address
	Starting Address: 0x0007CFFFC00
	Ending Address: 0x0007CFFFFFF
	Range Size: 1 kB
	Physical Device Handle: 0x004F
	Memory Array Mapped Address Handle: 0x00A7
	Partition Row Position: Unknown
	Interleave Position: Unknown
	Interleaved Data Depth: Unknown

Handle 0x00D2, DMI type 20, 35 bytes
Memory Device Mapped Address
	Starting Address: 0x0007CFFFC00
	Ending Address: 0x0007CFFFFFF
	Range Size: 1 kB
	Physical Device Handle: 0x0050
	Memory Array Mapped Address Handle: 0x00A7
	Partition Row Position: Unknown
	Interleave Position: Unknown
	Interleaved Data Depth: Unknown

Handle 0x00D3, DMI type 20, 35 bytes
Memory Device Mapped Address
	Starting Address: 0x0007CFFFC00
	Ending Address: 0x0007CFFFFFF
	Range Size: 1 kB
	Physical Device Handle: 0x0051
	Memory Array Mapped Address Handle: 0x00A7
	Partition Row Position: Unknown
	Interleave Position: Unknown
	Interleaved Data Depth: Unknown

Handle 0x00D4, DMI type 20, 35 bytes
Memory Device Mapped Address
	Starting Address: 0x0007CFFFC00
	Ending Address: 0x0007CFFFFFF
	Range Size: 1 kB
	Physical Device Handle: 0x0052
	Memory Array Mapped Address Handle: 0x00A7
	Partition Row Position: Unknown
	Interleave Position: Unknown
	Interleaved Data Depth: Unknown

Handle 0x00D5, DMI type 20, 35 bytes
Memory Device Mapped Address
	Starting Address: 0x0007CFFFC00
	Ending Address: 0x0007CFFFFFF
	Range Size: 1 kB
	Physical Device Handle: 0x0053
	Memory Array Mapped Address Handle: 0x00A7
	Partition Row Position: Unknown
	Interleave Position: Unknown
	Interleaved Data Depth: Unknown

Handle 0x00D6, DMI type 20, 35 bytes
Memory Device Mapped Address
	Starting Address: 0x0007CFFFC00
	Ending Address: 0x0007CFFFFFF
	Range Size: 1 kB
	Physical Device Handle: 0x0054
	Memory Array Mapped Address Handle: 0x00A7
	Partition Row Position: Unknown
	Interleave Position: Unknown
	Interleaved Data Depth: Unknown

Handle 0x00D7, DMI type 20, 35 bytes
Memory Device Mapped Address
	Starting Address: 0x0007CFFFC00
	Ending Address: 0x0007CFFFFFF
	Range Size: 1 kB
	Physical Device Handle: 0x0055
	Memory Array Mapped Address Handle: 0x00A7
	Partition Row Position: Unknown
	Interleave Position: Unknown
	Interleaved Data Depth: Unknown

Handle 0x00D8, DMI type 20, 35 bytes
Memory Device Mapped Address
	Starting Address: 0x0007CFFFC00
	Ending Address: 0x0007CFFFFFF
	Range Size: 1 kB
	Physical Device Handle: 0x0056
	Memory Array Mapped Address Handle: 0x00A7
	Partition Row Position: Unknown
	Interleave Position: Unknown
	Interleaved Data Depth: Unknown

Handle 0x00D9, DMI type 20, 35 bytes
Memory Device Mapped Address
	Starting Address: 0x0007CFFFC00
	Ending Address: 0x0007CFFFFFF
	Range Size: 1 kB
	Physical Device Handle: 0x0057
	Memory Array Mapped Address Handle: 0x00A7
	Partition Row Position: Unknown
	Interleave Position: Unknown
	Interleaved Data Depth: Unknown

Handle 0x00DA, DMI type 20, 35 bytes
Memory Device Mapped Address
	Starting Address: 0x0007CFFFC00
	Ending Address: 0x0007CFFFFFF
	Range Size: 1 kB
	Physical Device Handle: 0x0058
	Memory Array Mapped Address Handle: 0x00A7
	Partition Row Position: Unknown
	Interleave Position: Unknown
	Interleaved Data Depth: Unknown

Handle 0x00DB, DMI type 20, 35 bytes
Memory Device Mapped Address
	Starting Address: 0x0007CFFFC00
	Ending Address: 0x0007CFFFFFF
	Range Size: 1 kB
	Physical Device Handle: 0x0059
	Memory Array Mapped Address Handle: 0x00A7
	Partition Row Position: Unknown
	Interleave Position: Unknown
	Interleaved Data Depth: Unknown

Handle 0x00DC, DMI type 20, 35 bytes
Memory Device Mapped Address
	Starting Address: 0x0007CFFFC00
	Ending Address: 0x0007CFFFFFF
	Range Size: 1 kB
	Physical Device Handle: 0x005A
	Memory Array Mapped Address Handle: 0x00A7
	Partition Row Position: Unknown
	Interleave Position: Unknown
	Interleaved Data Depth: Unknown

Handle 0x00DD, DMI type 20, 35 bytes
Memory Device Mapped Address
	Starting Address: 0x0007CFFFC00
	Ending Address: 0x0007CFFFFFF
	Range Size: 1 kB
	Physical Device Handle: 0x005B
	Memory Array Mapped Address Handle: 0x00A7
	Partition Row Position: Unknown
	Interleave Position: Unknown
	Interleaved Data Depth: Unknown

Handle 0x00DE, DMI type 20, 35 bytes
Memory Device Mapped Address
	Starting Address: 0x0007CFFFC00
	Ending Address: 0x0007CFFFFFF
	Range Size: 1 kB
	Physical Device Handle: 0x005C
	Memory Array Mapped Address Handle: 0x00A7
	Partition Row Position: Unknown
	Interleave Position: Unknown
	Interleaved Data Depth: Unknown

Handle 0x00DF, DMI type 20, 35 bytes
Memory Device Mapped Address
	Starting Address: 0x0007CFFFC00
	Ending Address: 0x0007CFFFFFF
	Range Size: 1 kB
	Physical Device Handle: 0x005D
	Memory Array Mapped Address Handle: 0x00A7
	Partition Row Position: Unknown
	Interleave Position: Unknown
	Interleaved Data Depth: Unknown

Handle 0x00E0, DMI type 20, 35 bytes
Memory Device Mapped Address
	Starting Address: 0x0007CFFFC00
	Ending Address: 0x0007CFFFFFF
	Range Size: 1 kB
	Physical Device Handle: 0x005E
	Memory Array Mapped Address Handle: 0x00A7
	Partition Row Position: Unknown
	Interleave Position: Unknown
	Interleaved Data Depth: Unknown

Handle 0x00E1, DMI type 20, 35 bytes
Memory Device Mapped Address
	Starting Address: 0x0007CFFFC00
	Ending Address: 0x0007CFFFFFF
	Range Size: 1 kB
	Physical Device Handle: 0x005F
	Memory Array Mapped Address Handle: 0x00A7
	Partition Row Position: Unknown
	Interleave Position: Unknown
	Interleaved Data Depth: Unknown

Handle 0x00E2, DMI type 20, 35 bytes
Memory Device Mapped Address
	Starting Address: 0x0007CFFFC00
	Ending Address: 0x0007CFFFFFF
	Range Size: 1 kB
	Physical Device Handle: 0x0060
	Memory Array Mapped Address Handle: 0x00A7
	Partition Row Position: Unknown
	Interleave Position: Unknown
	Interleaved Data Depth: Unknown

Handle 0x00E3, DMI type 20, 35 bytes
Memory Device Mapped Address
	Starting Address: 0x0007CFFFC00
	Ending Address: 0x0007CFFFFFF
	Range Size: 1 kB
	Physical Device Handle: 0x0061
	Memory Array Mapped Address Handle: 0x00A7
	Partition Row Position: Unknown
	Interleave Position: Unknown
	Interleaved Data Depth: Unknown

Handle 0x00E4, DMI type 20, 35 bytes
Memory Device Mapped Address
	Starting Address: 0x0007CFFFC00
	Ending Address: 0x0007CFFFFFF
	Range Size: 1 kB
	Physical Device Handle: 0x0062
	Memory Array Mapped Address Handle: 0x00A7
	Partition Row Position: Unknown
	Interleave Position: Unknown
	Interleaved Data Depth: Unknown

Handle 0x00E5, DMI type 20, 35 bytes
Memory Device Mapped Address
	Starting Address: 0x0007CFFFC00
	Ending Address: 0x0007CFFFFFF
	Range Size: 1 kB
	Physical Device Handle: 0x0063
	Memory Array Mapped Address Handle: 0x00A7
	Partition Row Position: Unknown
	Interleave Position: Unknown
	Interleaved Data Depth: Unknown

Handle 0x00E6, DMI type 20, 35 bytes
Memory Device Mapped Address
	Starting Address: 0x0007CFFFC00
	Ending Address: 0x0007CFFFFFF
	Range Size: 1 kB
	Physical Device Handle: 0x0064
	Memory Array Mapped Address Handle: 0x00A7
	Partition Row Position: Unknown
	Interleave Position: Unknown
	Interleaved Data Depth: Unknown

Handle 0x00E7, DMI type 20, 35 bytes
Memory Device Mapped Address
	Starting Address: 0x0007CFFFC00
	Ending Address: 0x0007CFFFFFF
	Range Size: 1 kB
	Physical Device Handle: 0x0065
	Memory Array Mapped Address Handle: 0x00A7
	Partition Row Position: Unknown
	Interleave Position: Unknown
	Interleaved Data Depth: Unknown

Handle 0x00E8, DMI type 23, 13 bytes
System Reset
	Status: Enabled
	Watchdog Timer: Present
	Boot Option: Do Not Reboot
	Boot Option On Limit: Do Not Reboot
	Reset Count: Unknown
	Reset Limit: Unknown
	Timer Interval: Unknown
	Timeout: Unknown

Handle 0x00E9, DMI type 24, 5 bytes
Hardware Security
	Power-On Password Status: Disabled
	Keyboard Password Status: Unknown
	Administrator Password Status: Enabled
	Front Panel Reset Status: Unknown

Handle 0x00EA, DMI type 30, 6 bytes
Out-of-band Remote Access
	Manufacturer Name: Intel
	Inbound Connection: Enabled
	Outbound Connection: Disabled

Handle 0x00EB, DMI type 32, 20 bytes
System Boot Information
	Status: No errors detected

Handle 0x00EC, DMI type 33, 31 bytes
64-bit Memory Error Information
	Type: OK
	Granularity: Unknown
	Operation: Unknown
	Vendor Syndrome: Unknown
	Memory Array Address: Unknown
	Device Address: Unknown
	Resolution: Unknown

Handle 0x00ED, DMI type 126, 4 bytes
Inactive

Handle 0x00EE, DMI type 127, 4 bytes
End Of Table

