# Generated by iptables-save v1.4.21 on Fri Jun  7 01:50:40 2019
*mangle
:PREROUTING ACCEPT [406:586484]
:INPUT ACCEPT [406:586484]
:FORWARD ACCEPT [0:0]
:OUTPUT ACCEPT [368:22216]
:POSTROUTING ACCEPT [368:22216]
COMMIT
# Completed on Fri Jun  7 01:50:40 2019
# Generated by iptables-save v1.4.21 on Fri Jun  7 01:50:40 2019
*nat
:PREROUTING ACCEPT [0:0]
:INPUT ACCEPT [0:0]
:OUTPUT ACCEPT [2:144]
:POSTROUTING ACCEPT [2:144]
COMMIT
# Completed on Fri Jun  7 01:50:40 2019
# Generated by iptables-save v1.4.21 on Fri Jun  7 01:50:40 2019
*filter
:INPUT ACCEPT [406:586484]
:FORWARD ACCEPT [0:0]
:OUTPUT ACCEPT [368:22216]
COMMIT
# Completed on Fri Jun  7 01:50:40 2019
