# Generated by iptables-save v1.4.21 on Sun Jun  9 22:45:09 2019
*mangle
:PREROUTING ACCEPT [14064:20584355]
:INPUT ACCEPT [14064:20584355]
:FORWARD ACCEPT [0:0]
:OUTPUT ACCEPT [7964:477181]
:POSTROUTING ACCEPT [7964:477181]
COMMIT
# Completed on Sun Jun  9 22:45:09 2019
# Generated by iptables-save v1.4.21 on Sun Jun  9 22:45:09 2019
*nat
:PREROUTING ACCEPT [0:0]
:INPUT ACCEPT [0:0]
:OUTPUT ACCEPT [0:0]
:POSTROUTING ACCEPT [0:0]
COMMIT
# Completed on Sun Jun  9 22:45:09 2019
# Generated by iptables-save v1.4.21 on Sun Jun  9 22:45:09 2019
*filter
:INPUT ACCEPT [14064:20584355]
:FORWARD ACCEPT [0:0]
:OUTPUT ACCEPT [7964:477181]
COMMIT
# Completed on Sun Jun  9 22:45:09 2019
