# Generated by iptables-save v1.4.21 on Sun Jun  9 22:46:28 2019
*mangle
:PREROUTING ACCEPT [533:625907]
:INPUT ACCEPT [533:625907]
:FORWARD ACCEPT [0:0]
:OUTPUT ACCEPT [601:47843]
:POSTROUTING ACCEPT [601:47843]
COMMIT
# Completed on Sun Jun  9 22:46:28 2019
# Generated by iptables-save v1.4.21 on Sun Jun  9 22:46:28 2019
*nat
:PREROUTING ACCEPT [0:0]
:INPUT ACCEPT [0:0]
:OUTPUT ACCEPT [0:0]
:POSTROUTING ACCEPT [0:0]
COMMIT
# Completed on Sun Jun  9 22:46:28 2019
# Generated by iptables-save v1.4.21 on Sun Jun  9 22:46:28 2019
*filter
:INPUT ACCEPT [533:625907]
:FORWARD ACCEPT [0:0]
:OUTPUT ACCEPT [601:47843]
COMMIT
# Completed on Sun Jun  9 22:46:28 2019
