# Generated by iptables-save v1.4.21 on Fri Jun  7 01:31:40 2019
*mangle
:PREROUTING ACCEPT [405:586478]
:INPUT ACCEPT [405:586478]
:FORWARD ACCEPT [0:0]
:OUTPUT ACCEPT [306:19112]
:POSTROUTING ACCEPT [306:19112]
COMMIT
# Completed on Fri Jun  7 01:31:40 2019
# Generated by iptables-save v1.4.21 on Fri Jun  7 01:31:40 2019
*nat
:PREROUTING ACCEPT [0:0]
:INPUT ACCEPT [0:0]
:OUTPUT ACCEPT [2:144]
:POSTROUTING ACCEPT [2:144]
COMMIT
# Completed on Fri Jun  7 01:31:40 2019
# Generated by iptables-save v1.4.21 on Fri Jun  7 01:31:40 2019
*filter
:INPUT ACCEPT [405:586478]
:FORWARD ACCEPT [0:0]
:OUTPUT ACCEPT [306:19112]
COMMIT
# Completed on Fri Jun  7 01:31:40 2019
